2024-07-11 23:20:39.918 [info] Added views:workbench.panel.markers.view in workbench.panel.markers
2024-07-11 23:20:39.918 [info] Added views:workbench.panel.output in workbench.panel.output
2024-07-11 23:20:39.918 [info] Added views:terminal in terminal
2024-07-11 23:20:39.918 [info] Added views:workbench.scm in workbench.view.scm
2024-07-11 23:20:39.918 [info] Added views:workbench.view.search in workbench.view.search
2024-07-11 23:20:39.918 [info] Added views:timeline in workbench.view.explorer
2024-07-11 23:20:39.918 [info] Added views:workbench.explorer.openEditorsView,workbench.explorer.emptyView in workbench.view.explorer
2024-07-11 23:20:40.237 [info] Added views:workbench.debug.welcome in workbench.view.debug
2024-07-11 23:20:40.980 [info] Added views:workbench.panel.repl.view in workbench.panel.repl
2024-07-11 23:20:42.120 [info] Added views:~remote.forwardedPorts in ~remote.forwardedPortsContainer
2024-07-11 23:20:45.377 [info] Added views:workbench.view.testing in workbench.view.extension.test
2024-07-11 23:31:55.827 [info] Removed views:workbench.view.testing from workbench.view.extension.test
2024-07-11 23:31:57.074 [info] Added views:workbench.panel.markers.view in workbench.panel.markers
2024-07-11 23:31:57.074 [info] Added views:workbench.panel.output in workbench.panel.output
2024-07-11 23:31:57.074 [info] Added views:terminal in terminal
2024-07-11 23:31:57.074 [info] Added views:workbench.scm in workbench.view.scm
2024-07-11 23:31:57.074 [info] Added views:workbench.view.search in workbench.view.search
2024-07-11 23:31:57.074 [info] Added views:timeline in workbench.view.explorer
2024-07-11 23:31:57.074 [info] Added views:workbench.explorer.openEditorsView,workbench.explorer.fileView in workbench.view.explorer
2024-07-11 23:31:57.859 [info] Added views:workbench.debug.welcome in workbench.view.debug
2024-07-11 23:31:57.972 [info] Added views:workbench.panel.repl.view in workbench.panel.repl
2024-07-11 23:31:58.692 [info] Added views:~remote.forwardedPorts in ~remote.forwardedPortsContainer
