2024-07-24 15:00:07.689 [info] Added views:workbench.panel.markers.view in workbench.panel.markers
2024-07-24 15:00:07.689 [info] Added views:workbench.panel.output in workbench.panel.output
2024-07-24 15:00:07.689 [info] Added views:terminal in terminal
2024-07-24 15:00:07.689 [info] Added views:workbench.scm in workbench.view.scm
2024-07-24 15:00:07.689 [info] Added views:workbench.view.search in workbench.view.search
2024-07-24 15:00:07.689 [info] Added views:timeline in workbench.view.explorer
2024-07-24 15:00:07.689 [info] Added views:workbench.explorer.openEditorsView,workbench.explorer.emptyView in workbench.view.explorer
2024-07-24 15:00:07.944 [info] Added views:workbench.debug.welcome in workbench.view.debug
2024-07-24 15:00:08.982 [info] Added views:workbench.panel.repl.view in workbench.panel.repl
2024-07-24 15:00:09.946 [info] Added views:~remote.forwardedPorts in ~remote.forwardedPortsContainer
2024-07-24 15:02:57.992 [info] Added views:workbench.views.extensions.installed,workbench.views.extensions.popular in workbench.view.extensions
2024-07-24 15:02:57.994 [info] Removed views:workbench.views.extensions.popular from workbench.view.extensions
2024-07-24 15:06:03.074 [info] Added views:workbench.panel.markers.view in workbench.panel.markers
2024-07-24 15:06:03.074 [info] Added views:workbench.panel.output in workbench.panel.output
2024-07-24 15:06:03.074 [info] Added views:terminal in terminal
2024-07-24 15:06:03.074 [info] Added views:workbench.scm in workbench.view.scm
2024-07-24 15:06:03.074 [info] Added views:workbench.view.search in workbench.view.search
2024-07-24 15:06:03.075 [info] Added views:timeline in workbench.view.explorer
2024-07-24 15:06:03.075 [info] Added views:workbench.explorer.openEditorsView,workbench.explorer.fileView in workbench.view.explorer
2024-07-24 15:06:04.083 [info] Added views:workbench.debug.variablesView,workbench.debug.watchExpressionsView,workbench.debug.callStackView,workbench.debug.breakPointsView in workbench.view.debug
2024-07-24 15:06:04.222 [info] Added views:workbench.panel.repl.view in workbench.panel.repl
2024-07-24 15:06:04.223 [info] Removed views:workbench.debug.breakPointsView,workbench.debug.callStackView,workbench.debug.watchExpressionsView,workbench.debug.variablesView from workbench.view.debug
2024-07-24 15:06:04.224 [info] Added views:workbench.debug.welcome in workbench.view.debug
2024-07-24 15:06:04.777 [info] Added views:~remote.forwardedPorts in ~remote.forwardedPortsContainer
2024-07-24 15:06:05.119 [info] Added views:workbench.scm.repositories in workbench.view.scm
2024-07-24 15:06:06.084 [info] Removed views:workbench.scm.repositories from workbench.view.scm
