2024-07-23 23:05:42.838 [info] Using settings sync service https://vscode-sync.trafficmanager.net/
2024-07-23 23:05:42.838 [info] Auto Sync is enabled.
2024-07-23 23:05:42.838 [info] Auto Sync: Suspended until auth token is available.
2024-07-23 23:05:42.838 [info] Deleting non existing profile from backup /home/nicolas/.config/Code/User/sync/extensions
2024-07-23 23:05:42.838 [info] Deleting non existing profile from backup /home/nicolas/.config/Code/User/sync/globalState
2024-07-23 23:05:42.838 [info] Deleting non existing profile from backup /home/nicolas/.config/Code/User/sync/keybindings
2024-07-23 23:05:42.838 [info] Deleting non existing profile from backup /home/nicolas/.config/Code/User/sync/profiles
2024-07-23 23:05:42.838 [info] Deleting non existing profile from backup /home/nicolas/.config/Code/User/sync/settings
2024-07-23 23:05:42.838 [info] Deleting non existing profile from backup /home/nicolas/.config/Code/User/sync/snippets
2024-07-23 23:05:42.838 [info] Deleting non existing profile from backup /home/nicolas/.config/Code/User/sync/tasks
2024-07-23 23:05:45.305 [info] Auto Sync: Triggered by Interval
2024-07-23 23:05:45.305 [info] Sync started.
2024-07-23 23:05:46.232 [info] Settings: Last sync resource does not exist locally.
2024-07-23 23:05:46.450 [info] Settings: No changes found during synchronizing settings.
2024-07-23 23:05:46.452 [info] Keybindings: Last sync resource does not exist locally.
2024-07-23 23:05:46.633 [info] Keybindings: No changes found during synchronizing keybindings.
2024-07-23 23:05:46.636 [info] Snippets: Last sync resource does not exist locally.
2024-07-23 23:05:46.815 [info] Snippets: No changes found during synchronizing snippets.
2024-07-23 23:05:46.816 [info] Tasks: Last sync resource does not exist locally.
2024-07-23 23:05:46.992 [info] Tasks: No changes found during synchronizing tasks.
2024-07-23 23:05:46.997 [info] GlobalState: Last sync resource does not exist locally.
2024-07-23 23:05:47.530 [info] GlobalState: No changes found during synchronizing ui state.
2024-07-23 23:05:47.532 [info] Extensions: Last sync resource does not exist locally.
2024-07-23 23:05:47.766 [info] Extensions: No changes found during synchronizing extensions.
2024-07-23 23:05:47.768 [info] Profiles: Last sync resource does not exist locally.
2024-07-23 23:05:47.944 [info] Profiles: No changes found during synchronizing profiles.
2024-07-23 23:05:47.945 [info] Sync done. Took 2641ms
2024-07-23 23:06:32.900 [info] Auto Sync: Triggered by Activity
2024-07-23 23:06:32.900 [info] Sync started.
2024-07-23 23:06:33.452 [info] Settings: No changes found during synchronizing settings.
2024-07-23 23:06:33.457 [info] Keybindings: No changes found during synchronizing keybindings.
2024-07-23 23:06:33.461 [info] Snippets: No changes found during synchronizing snippets.
2024-07-23 23:06:33.465 [info] Tasks: No changes found during synchronizing tasks.
2024-07-23 23:06:34.028 [info] GlobalState: No changes found during synchronizing ui state.
2024-07-23 23:06:34.067 [info] Extensions: No changes found during synchronizing extensions.
2024-07-23 23:06:34.069 [info] Profiles: No changes found during synchronizing profiles.
2024-07-23 23:06:34.070 [info] Sync done. Took 1169ms
2024-07-23 23:07:11.264 [info] Auto Sync: Triggered by Activity
2024-07-23 23:07:11.264 [info] Sync started.
2024-07-23 23:07:11.454 [info] Settings: No changes found during synchronizing settings.
2024-07-23 23:07:11.467 [info] Keybindings: No changes found during synchronizing keybindings.
2024-07-23 23:07:11.469 [info] Snippets: No changes found during synchronizing snippets.
2024-07-23 23:07:11.473 [info] Tasks: No changes found during synchronizing tasks.
2024-07-23 23:07:11.669 [info] GlobalState: No changes found during synchronizing ui state.
2024-07-23 23:07:12.262 [info] Extensions: Updated remote extensions. Removed: ["s-nlf-fh.glassit"].
2024-07-23 23:07:12.272 [info] Extensions: Updated last synchronized extensions.
2024-07-23 23:07:12.276 [info] Profiles: No changes found during synchronizing profiles.
2024-07-23 23:07:12.278 [info] Sync done. Took 1013ms
