2024-07-24 15:00:09.292 [info] Log level: Info
2024-07-24 15:00:09.292 [info] Validating found git in: "git"
2024-07-24 15:00:09.292 [info] Using git "2.39.2" from "git"
2024-07-24 15:00:09.292 [info] > git rev-parse --show-toplevel [3ms]
2024-07-24 15:00:09.292 [info] fatal: not a git repository (or any of the parent directories): .git
2024-07-24 15:05:31.280 [info] > git rev-parse --show-toplevel [2ms]
2024-07-24 15:05:31.280 [info] fatal: not a git repository (or any of the parent directories): .git
2024-07-24 15:06:04.633 [info] Log level: Info
2024-07-24 15:06:04.633 [info] Validating found git in: "git"
2024-07-24 15:06:04.633 [info] Using git "2.39.2" from "git"
2024-07-24 15:06:04.633 [info] > git rev-parse --show-toplevel [10ms]
2024-07-24 15:06:05.107 [info] > git rev-parse --git-dir --git-common-dir [470ms]
2024-07-24 15:06:05.124 [info] Open repository: /home/nicolas/.oh-my-zsh
2024-07-24 15:06:05.151 [info] > git config --get commit.template [6ms]
2024-07-24 15:06:05.218 [info] > git for-each-ref --format=%(refname)%00%(upstream:short)%00%(objectname)%00%(upstream:track)%00%(upstream:remotename)%00%(upstream:remoteref) refs/heads/master refs/remotes/master [12ms]
2024-07-24 15:06:05.219 [info] > git rev-parse --show-toplevel [2ms]
2024-07-24 15:06:05.240 [info] > git rev-parse --show-toplevel [16ms]
2024-07-24 15:06:05.260 [info] > git rev-parse --show-toplevel [5ms]
2024-07-24 15:06:05.280 [info] > git rev-parse --show-toplevel [9ms]
2024-07-24 15:06:05.287 [info] > git rev-parse --show-toplevel [2ms]
2024-07-24 15:06:05.296 [info] > git rev-parse --show-toplevel [2ms]
2024-07-24 15:06:05.303 [info] > git rev-parse --show-toplevel [2ms]
2024-07-24 15:06:05.310 [info] > git rev-parse --show-toplevel [3ms]
2024-07-24 15:06:05.317 [info] > git rev-parse --show-toplevel [2ms]
2024-07-24 15:06:05.390 [info] > git status -z -uall [151ms]
2024-07-24 15:06:05.412 [info] > git for-each-ref --format=%(refname)%00%(upstream:short)%00%(objectname)%00%(upstream:track)%00%(upstream:remotename)%00%(upstream:remoteref) refs/heads/master refs/remotes/master [14ms]
2024-07-24 15:06:05.421 [info] > git config --local branch.master.vscode-merge-base [1ms]
2024-07-24 15:06:05.421 [warning] git config failed: Failed to execute git
2024-07-24 15:06:05.426 [info] > git config --get commit.template [15ms]
2024-07-24 15:06:05.491 [info] > git for-each-ref --format=%(refname)%00%(upstream:short)%00%(objectname)%00%(upstream:track)%00%(upstream:remotename)%00%(upstream:remoteref) refs/heads/master refs/remotes/master [59ms]
2024-07-24 15:06:05.491 [info] > git reflog master --grep-reflog=branch: Created from *. [65ms]
2024-07-24 15:06:05.501 [info] > git for-each-ref --format=%(refname)%00%(upstream:short)%00%(objectname)%00%(upstream:track)%00%(upstream:remotename)%00%(upstream:remoteref) refs/heads/origin/master refs/remotes/origin/master [6ms]
2024-07-24 15:06:05.507 [info] > git symbolic-ref --short refs/remotes/origin/HEAD [2ms]
2024-07-24 15:06:05.507 [info] fatal: ref refs/remotes/origin/HEAD is not a symbolic ref
2024-07-24 15:06:05.514 [info] > git merge-base refs/heads/master refs/remotes/origin/master [1ms]
2024-07-24 15:06:05.520 [info] > git rev-list --count --left-right refs/heads/master...refs/remotes/origin/master [1ms]
2024-07-24 15:06:05.528 [info] > git diff --name-status -z --diff-filter=ADMR 27ca0c915b4a6b29282502b2b36c7ffb4c56e32b...refs/remotes/origin/master [2ms]
2024-07-24 15:06:05.546 [info] > git status -z -uall [46ms]
2024-07-24 15:06:05.558 [info] > git for-each-ref --format=%(refname)%00%(upstream:short)%00%(objectname)%00%(upstream:track)%00%(upstream:remotename)%00%(upstream:remoteref) refs/heads/master refs/remotes/master [5ms]
2024-07-24 15:06:05.572 [info] > git config --local branch.master.vscode-merge-base [8ms]
2024-07-24 15:06:05.572 [warning] git config failed: Failed to execute git
2024-07-24 15:06:05.584 [info] > git reflog master --grep-reflog=branch: Created from *. [3ms]
2024-07-24 15:06:05.602 [info] > git for-each-ref --format=%(refname)%00%(upstream:short)%00%(objectname)%00%(upstream:track)%00%(upstream:remotename)%00%(upstream:remoteref) refs/heads/origin/master refs/remotes/origin/master [7ms]
2024-07-24 15:06:05.621 [info] > git symbolic-ref --short refs/remotes/origin/HEAD [13ms]
2024-07-24 15:06:05.621 [info] fatal: ref refs/remotes/origin/HEAD is not a symbolic ref
2024-07-24 15:06:05.666 [info] > git check-ignore -v -z --stdin [4ms]
