2024-07-24 15:06:20.953 [info] Reading sessions from keychain...
2024-07-24 15:06:20.953 [info] Getting sessions for all scopes...
2024-07-24 15:06:20.953 [info] Getting sessions for all scopes...
2024-07-24 15:06:20.953 [info] Got stored sessions!
2024-07-24 15:06:20.953 [info] Got 2 verified sessions.
2024-07-24 15:06:20.953 [info] Got 2 sessions for ...
2024-07-24 15:06:20.953 [info] Got 2 sessions for ...
2024-07-24 15:06:20.953 [info] Getting sessions for user:email...
2024-07-24 15:06:20.953 [info] Got 1 sessions for user:email...
2024-07-24 15:06:21.063 [info] Getting sessions for read:user,repo,user:email,workflow...
2024-07-24 15:06:21.064 [info] Got 1 sessions for read:user,repo,user:email,workflow...
2024-07-24 15:06:32.742 [info] Reading sessions from keychain...
2024-07-24 15:06:32.742 [info] Getting sessions for all scopes...
2024-07-24 15:06:32.742 [info] Getting sessions for all scopes...
2024-07-24 15:06:32.742 [info] Getting sessions for user:email...
2024-07-24 15:06:32.742 [info] Got stored sessions!
2024-07-24 15:06:32.742 [info] Got 2 verified sessions.
2024-07-24 15:06:32.742 [info] Got 2 sessions for ...
2024-07-24 15:06:32.742 [info] Got 2 sessions for ...
2024-07-24 15:06:32.742 [info] Got 1 sessions for user:email...
