2024-07-23 22:33:31.633 [info] Added views:workbench.panel.markers.view in workbench.panel.markers
2024-07-23 22:33:31.633 [info] Added views:workbench.panel.output in workbench.panel.output
2024-07-23 22:33:31.633 [info] Added views:terminal in terminal
2024-07-23 22:33:31.633 [info] Added views:workbench.scm in workbench.view.scm
2024-07-23 22:33:31.633 [info] Added views:workbench.view.search in workbench.view.search
2024-07-23 22:33:31.633 [info] Added views:timeline in workbench.view.explorer
2024-07-23 22:33:31.633 [info] Added views:workbench.explorer.openEditorsView,workbench.explorer.emptyView in workbench.view.explorer
2024-07-23 22:33:31.964 [info] Added views:workbench.debug.welcome in workbench.view.debug
2024-07-23 22:33:33.224 [info] Added views:workbench.panel.repl.view in workbench.panel.repl
2024-07-23 22:33:34.175 [info] Added views:~remote.forwardedPorts in ~remote.forwardedPortsContainer
2024-07-23 23:04:11.123 [info] Added views:workbench.views.extensions.installed,workbench.views.extensions.popular in workbench.view.extensions
2024-07-23 23:04:11.131 [info] Removed views:workbench.views.extensions.popular from workbench.view.extensions
2024-07-23 23:04:18.188 [info] Removed views:workbench.views.extensions.installed from workbench.view.extensions
2024-07-23 23:04:18.213 [info] Added views:workbench.views.extensions.marketplace in workbench.view.extensions
2024-07-23 23:04:25.107 [info] Removed views:workbench.views.extensions.marketplace from workbench.view.extensions
2024-07-23 23:04:25.125 [info] Added views:workbench.views.extensions.installed in workbench.view.extensions
2024-07-23 23:04:26.443 [info] Removed views:workbench.views.extensions.installed from workbench.view.extensions
2024-07-23 23:04:26.451 [info] Added views:workbench.views.extensions.marketplace in workbench.view.extensions
2024-07-23 23:04:38.814 [info] Removed views:workbench.views.extensions.marketplace from workbench.view.extensions
2024-07-23 23:04:38.874 [info] Added views:workbench.views.extensions.installed in workbench.view.extensions
2024-07-23 23:04:47.894 [info] Removed views:workbench.views.extensions.installed from workbench.view.extensions
2024-07-23 23:04:47.910 [info] Added views:workbench.views.extensions.marketplace in workbench.view.extensions
