2024-07-14 01:17:05.067 [info] Reading sessions from keychain...
2024-07-14 01:17:05.067 [info] Getting sessions for all scopes...
2024-07-14 01:17:05.067 [info] Getting sessions for all scopes...
2024-07-14 01:17:05.080 [info] Getting sessions for user:email...
2024-07-14 01:17:05.083 [info] Got stored sessions!
2024-07-14 01:17:05.083 [info] Got 2 verified sessions.
2024-07-14 01:17:05.083 [info] Got 2 sessions for ...
2024-07-14 01:17:05.083 [info] Got 2 sessions for ...
2024-07-14 01:17:05.083 [info] Got 1 sessions for user:email...
2024-07-14 01:17:17.757 [info] Reading sessions from keychain...
2024-07-14 01:17:17.757 [info] Getting sessions for all scopes...
2024-07-14 01:17:17.757 [info] Getting sessions for all scopes...
2024-07-14 01:17:17.757 [info] Got stored sessions!
2024-07-14 01:17:17.757 [info] Got 2 verified sessions.
2024-07-14 01:17:17.757 [info] Got 2 sessions for ...
2024-07-14 01:17:17.757 [info] Got 2 sessions for ...
2024-07-14 01:17:17.757 [info] Getting sessions for user:email...
2024-07-14 01:17:17.757 [info] Got 1 sessions for user:email...
2024-07-14 01:17:17.834 [info] Getting sessions for read:user,repo,user:email,workflow...
2024-07-14 01:17:17.834 [info] Got 1 sessions for read:user,repo,user:email,workflow...
2024-07-14 01:17:18.369 [info] Getting sessions for read:user,repo,user:email,workflow...
2024-07-14 01:17:18.369 [info] Got 1 sessions for read:user,repo,user:email,workflow...
