2024-07-24 15:06:18.784 [info] Added views:workbench.panel.markers.view in workbench.panel.markers
2024-07-24 15:06:18.785 [info] Added views:workbench.panel.output in workbench.panel.output
2024-07-24 15:06:18.785 [info] Added views:terminal in terminal
2024-07-24 15:06:18.785 [info] Added views:workbench.scm in workbench.view.scm
2024-07-24 15:06:18.785 [info] Added views:workbench.view.search in workbench.view.search
2024-07-24 15:06:18.785 [info] Added views:timeline in workbench.view.explorer
2024-07-24 15:06:18.785 [info] Added views:workbench.explorer.openEditorsView,workbench.explorer.fileView in workbench.view.explorer
2024-07-24 15:06:19.735 [info] Added views:workbench.debug.welcome in workbench.view.debug
2024-07-24 15:06:19.938 [info] Added views:workbench.panel.repl.view in workbench.panel.repl
2024-07-24 15:06:20.355 [info] Added views:workbench.scm.repositories in workbench.view.scm
2024-07-24 15:06:20.413 [info] Added views:~remote.forwardedPorts in ~remote.forwardedPortsContainer
2024-07-24 15:06:24.059 [info] Removed views:workbench.explorer.openEditorsView from workbench.view.explorer
2024-07-24 15:06:31.007 [info] Removed views:workbench.scm.repositories from workbench.view.scm
2024-07-24 15:06:31.554 [info] Added views:workbench.panel.markers.view in workbench.panel.markers
2024-07-24 15:06:31.554 [info] Added views:workbench.panel.output in workbench.panel.output
2024-07-24 15:06:31.554 [info] Added views:terminal in terminal
2024-07-24 15:06:31.554 [info] Added views:workbench.scm in workbench.view.scm
2024-07-24 15:06:31.554 [info] Added views:workbench.view.search in workbench.view.search
2024-07-24 15:06:31.554 [info] Added views:timeline in workbench.view.explorer
2024-07-24 15:06:31.554 [info] Added views:workbench.explorer.emptyView in workbench.view.explorer
2024-07-24 15:06:31.617 [info] Added views:workbench.debug.variablesView,workbench.debug.watchExpressionsView,workbench.debug.callStackView,workbench.debug.breakPointsView in workbench.view.debug
2024-07-24 15:06:32.385 [info] Added views:~remote.forwardedPorts in ~remote.forwardedPortsContainer
2024-07-24 15:06:32.561 [info] Added views:workbench.panel.repl.view in workbench.panel.repl
2024-07-24 15:06:32.563 [info] Removed views:workbench.debug.breakPointsView,workbench.debug.callStackView,workbench.debug.watchExpressionsView,workbench.debug.variablesView from workbench.view.debug
2024-07-24 15:06:32.564 [info] Added views:workbench.debug.welcome in workbench.view.debug
2024-07-24 15:07:23.500 [info] Added views:workbench.views.extensions.installed,workbench.views.extensions.popular in workbench.view.extensions
2024-07-24 15:07:23.504 [info] Removed views:workbench.views.extensions.popular from workbench.view.extensions
