2024-07-24 15:00:10.114 [info] Reading sessions from keychain...
2024-07-24 15:00:10.114 [info] Getting sessions for all scopes...
2024-07-24 15:00:10.114 [info] Getting sessions for all scopes...
2024-07-24 15:00:10.114 [info] Got stored sessions!
2024-07-24 15:00:10.114 [info] Got 2 verified sessions.
2024-07-24 15:00:10.114 [info] Got 2 sessions for ...
2024-07-24 15:00:10.114 [info] Got 2 sessions for ...
2024-07-24 15:00:10.114 [info] Getting sessions for user:email...
2024-07-24 15:00:10.114 [info] Got 1 sessions for user:email...
2024-07-24 15:06:05.219 [info] Reading sessions from keychain...
2024-07-24 15:06:05.219 [info] Getting sessions for all scopes...
2024-07-24 15:06:05.219 [info] Getting sessions for all scopes...
2024-07-24 15:06:05.258 [info] Got stored sessions!
2024-07-24 15:06:05.258 [info] Got 2 verified sessions.
2024-07-24 15:06:05.258 [info] Got 2 sessions for ...
2024-07-24 15:06:05.258 [info] Got 2 sessions for ...
2024-07-24 15:06:05.260 [info] Getting sessions for user:email...
2024-07-24 15:06:05.260 [info] Got 1 sessions for user:email...
2024-07-24 15:06:05.427 [info] Getting sessions for read:user,repo,user:email,workflow...
2024-07-24 15:06:05.427 [info] Got 1 sessions for read:user,repo,user:email,workflow...
