2024-07-12 22:57:12.818 [info] Reading sessions from keychain...
2024-07-12 22:57:12.818 [info] Getting sessions for all scopes...
2024-07-12 22:57:12.818 [info] Getting sessions for all scopes...
2024-07-12 22:57:12.829 [info] Getting sessions for read:user,repo,user:email,workflow...
2024-07-12 22:57:12.839 [info] Got stored sessions!
2024-07-12 22:57:12.839 [info] Got 2 verified sessions.
2024-07-12 22:57:12.839 [info] Got 2 sessions for ...
2024-07-12 22:57:12.839 [info] Got 2 sessions for ...
2024-07-12 22:57:12.839 [info] Got 1 sessions for read:user,repo,user:email,workflow...
2024-07-12 22:57:13.051 [info] Getting sessions for all scopes...
2024-07-12 22:57:13.051 [info] Got 2 sessions for ...
2024-07-12 22:57:13.186 [info] Getting sessions for user:email...
2024-07-12 22:57:13.186 [info] Got 1 sessions for user:email...
2024-07-12 22:57:13.265 [info] Getting sessions for all scopes...
2024-07-12 22:57:13.265 [info] Got 2 sessions for ...
2024-07-12 22:57:13.494 [info] Getting sessions for all scopes...
2024-07-12 22:57:13.494 [info] Got 2 sessions for ...
2024-07-12 22:57:13.495 [info] Getting sessions for read:user,repo,user:email,workflow...
2024-07-12 22:57:13.495 [info] Got 1 sessions for read:user,repo,user:email,workflow...
2024-07-12 22:57:13.722 [info] Getting sessions for all scopes...
2024-07-12 22:57:13.722 [info] Got 2 sessions for ...
2024-07-12 22:57:13.867 [info] Getting sessions for all scopes...
2024-07-12 22:57:13.868 [info] Got 2 sessions for ...
2024-07-12 22:57:14.504 [info] Getting sessions for all scopes...
2024-07-12 22:57:14.504 [info] Got 2 sessions for ...
2024-07-12 22:57:21.789 [info] Getting sessions for all scopes...
2024-07-12 22:57:21.789 [info] Got 2 sessions for ...
2024-07-12 22:57:27.321 [info] Getting sessions for all scopes...
2024-07-12 22:57:27.321 [info] Got 2 sessions for ...
2024-07-12 22:57:28.982 [info] Getting sessions for all scopes...
2024-07-12 22:57:28.982 [info] Got 2 sessions for ...
2024-07-12 22:57:37.140 [info] Getting sessions for all scopes...
2024-07-12 22:57:37.140 [info] Got 2 sessions for ...
2024-07-12 22:58:24.540 [info] Getting sessions for all scopes...
2024-07-12 22:58:24.540 [info] Got 2 sessions for ...
