2024-07-11 23:20:46.330 [info] (Client) Pylance async client (2024.7.1) started with python extension (2024.10.0)
2024-07-11 23:20:46.966 [info] [Info  - 23:20:46] (1077240) Pylance language server 2024.7.1 (pyright version 1.1.369, commit 1168be71) starting
2024-07-11 23:20:46.966 [info] [Info  - 23:20:46] (1077240) Server root directory: file:///home/nicolas/.vscode/extensions/ms-python.vscode-pylance-2024.7.1/dist
2024-07-11 23:20:47.008 [info] [Info  - 23:20:47] (1077240) Starting service instance "<default>"
2024-07-11 23:20:47.048 [info] [Info  - 23:20:47] (1077240) Setting pythonPath for service "<default>": "/bin/python3"
2024-07-11 23:20:47.048 [info] [Info  - 23:20:47] (1077240) Setting environmentName for service "<default>": "3.11.2 (global)"
2024-07-11 23:20:47.048 [info] [Info  - 23:20:47] (1077240) No include entries specified; assuming /<default workspace root>
2024-07-11 23:20:47.048 [info] [Info  - 23:20:47] (1077240) Auto-excluding **/node_modules
2024-07-11 23:20:47.048 [info] [Info  - 23:20:47] (1077240) Auto-excluding **/__pycache__
2024-07-11 23:20:47.049 [info] [Info  - 23:20:47] (1077240) Auto-excluding **/.*
2024-07-11 23:20:47.082 [info] [Info  - 23:20:47] (1077240) Assuming Python version 3.11.2.final.0
2024-07-11 23:20:47.163 [info] [Error - 23:20:47] (1077240) File or directory "/<default workspace root>" does not exist.
2024-07-11 23:20:47.178 [info] [Info  - 23:20:47] (1077240) No source files found.
2024-07-11 23:20:47.250 [info] [Info  - 23:20:47] (1077240) Setting pythonPath for service "<default>": "/bin/python3"
2024-07-11 23:20:47.251 [info] [Info  - 23:20:47] (1077240) Setting environmentName for service "<default>": "3.11.2 (global)"
2024-07-11 23:20:47.251 [info] [Info  - 23:20:47] (1077240) No include entries specified; assuming /<default workspace root>
2024-07-11 23:20:47.251 [info] [Info  - 23:20:47] (1077240) Auto-excluding **/node_modules
2024-07-11 23:20:47.251 [info] [Info  - 23:20:47] (1077240) Auto-excluding **/__pycache__
2024-07-11 23:20:47.251 [info] [Info  - 23:20:47] (1077240) Auto-excluding **/.*
2024-07-11 23:20:47.265 [info] [Info  - 23:20:47] (1077240) Assuming Python version 3.11.2.final.0
2024-07-11 23:20:47.342 [info] [Error - 23:20:47] (1077240) File or directory "/<default workspace root>" does not exist.
2024-07-11 23:20:47.343 [info] [Info  - 23:20:47] (1077240) No source files found.
2024-07-11 23:20:47.679 [info] [Info  - 23:20:47] (1077240) Background analysis(1) root directory: file:///home/nicolas/.vscode/extensions/ms-python.vscode-pylance-2024.7.1/dist
2024-07-11 23:20:47.679 [info] [Info  - 23:20:47] (1077240) Background analysis(1) started
