2024-07-11 02:42:49 Loading main app package /opt/Obsidian/resources/obsidian.asar
2024-07-11 02:42:49 Checking for update using Github
2024-07-11 02:42:49 Success.
2024-07-11 02:42:49 Latest version is 1.6.5
2024-07-11 02:42:49 App is up to date.
2024-07-11 13:57:18 Loading main app package /opt/Obsidian/resources/obsidian.asar
2024-07-11 13:57:18 Checking for update using Github
2024-07-11 13:57:18 Success.
2024-07-11 13:57:18 Latest version is 1.6.5
2024-07-11 13:57:18 App is up to date.
2024-07-12 00:52:39 Loading main app package /opt/Obsidian/resources/obsidian.asar
2024-07-12 00:52:40 Checking for update using Github
2024-07-12 00:52:41 Success.
2024-07-12 00:52:41 Latest version is 1.6.5
2024-07-12 00:52:41 App is up to date.
2024-07-12 01:53:06 Loading main app package /opt/Obsidian/resources/obsidian.asar
2024-07-12 01:53:07 Checking for update using Github
2024-07-12 01:53:07 Success.
2024-07-12 01:53:07 Latest version is 1.6.5
2024-07-12 01:53:07 App is up to date.
2024-07-12 01:53:24 Loading main app package /opt/Obsidian/resources/obsidian.asar
2024-07-12 01:53:24 Checking for update using Github
2024-07-12 01:53:24 Success.
2024-07-12 01:53:24 Latest version is 1.6.5
2024-07-12 01:53:24 App is up to date.
2024-07-12 01:53:32 Loading main app package /opt/Obsidian/resources/obsidian.asar
2024-07-12 01:53:32 Checking for update using Github
2024-07-12 01:53:33 Success.
2024-07-12 01:53:33 Latest version is 1.6.5
2024-07-12 01:53:33 App is up to date.
2024-07-12 16:51:57 Loading main app package /opt/Obsidian/resources/obsidian.asar
2024-07-12 16:51:58 Checking for update using Github
2024-07-12 16:51:58 Success.
2024-07-12 16:51:58 Latest version is 1.6.5
2024-07-12 16:51:58 App is up to date.
2024-07-12 17:51:57 Checking for update using Github
2024-07-12 17:51:57 Success.
2024-07-12 17:51:57 Latest version is 1.6.5
2024-07-12 17:51:57 App is up to date.
2024-07-12 18:46:02 Loading main app package /opt/Obsidian/resources/obsidian.asar
2024-07-12 18:46:02 Checking for update using Github
2024-07-12 18:46:16 Loading main app package /opt/Obsidian/resources/obsidian.asar
2024-07-12 18:46:16 Checking for update using Github
2024-07-12 19:56:27 Loading main app package /opt/Obsidian/resources/obsidian.asar
2024-07-12 19:56:27 Checking for update using Github
2024-07-12 19:56:27 Success.
2024-07-12 19:56:27 Latest version is 1.6.5
2024-07-12 19:56:27 App is up to date.
2024-07-12 19:56:51 Loading main app package /opt/Obsidian/resources/obsidian.asar
2024-07-12 19:56:52 Checking for update using Github
2024-07-12 19:56:52 Success.
2024-07-12 19:56:52 Latest version is 1.6.5
2024-07-12 19:56:52 App is up to date.
2024-07-12 20:07:44 Loading main app package /opt/Obsidian/resources/obsidian.asar
2024-07-12 20:07:45 Checking for update using Github
2024-07-12 20:07:45 Success.
2024-07-12 20:07:45 Latest version is 1.6.5
2024-07-12 20:07:45 App is up to date.
2024-07-12 21:07:44 Checking for update using Github
2024-07-12 21:07:45 Success.
2024-07-12 21:07:45 Latest version is 1.6.5
2024-07-12 21:07:45 App is up to date.
2024-07-12 22:07:45 Checking for update using Github
2024-07-12 22:07:45 Success.
2024-07-12 22:07:45 Latest version is 1.6.5
2024-07-12 22:07:45 App is up to date.
2024-07-13 02:34:36 Loading main app package /opt/Obsidian/resources/obsidian.asar
2024-07-13 02:34:37 Checking for update using Github
2024-07-13 02:34:37 Success.
2024-07-13 02:34:37 Latest version is 1.6.5
2024-07-13 02:34:37 App is up to date.
2024-07-13 16:00:23 Loading main app package /opt/Obsidian/resources/obsidian.asar
2024-07-13 16:00:23 Checking for update using Github
2024-07-13 16:00:24 Success.
2024-07-13 16:00:24 Latest version is 1.6.5
2024-07-13 16:00:24 App is up to date.
2024-07-13 17:00:23 Checking for update using Github
2024-07-13 17:00:23 Success.
2024-07-13 17:00:23 Latest version is 1.6.5
2024-07-13 17:00:23 App is up to date.
2024-07-13 18:00:23 Checking for update using Github
2024-07-13 18:00:23 Success.
2024-07-13 18:00:23 Latest version is 1.6.5
2024-07-13 18:00:23 App is up to date.
2024-07-13 20:27:42 Loading main app package /opt/Obsidian/resources/obsidian.asar
2024-07-13 20:27:43 Checking for update using Github
2024-07-13 20:27:43 Success.
2024-07-13 20:27:43 Latest version is 1.6.5
2024-07-13 20:27:43 App is up to date.
2024-07-13 21:27:42 Checking for update using Github
2024-07-13 21:27:42 Success.
2024-07-13 21:27:42 Latest version is 1.6.5
2024-07-13 21:27:42 App is up to date.
2024-07-13 23:48:55 Loading main app package /opt/Obsidian/resources/obsidian.asar
2024-07-13 23:48:55 Checking for update using Github
2024-07-13 23:48:56 Success.
2024-07-13 23:48:56 Latest version is 1.6.5
2024-07-13 23:48:56 App is up to date.
2024-07-14 00:25:10 Loading main app package /opt/Obsidian/resources/obsidian.asar
2024-07-14 00:25:10 Checking for update using Github
2024-07-14 00:25:11 Success.
2024-07-14 00:25:11 Latest version is 1.6.5
2024-07-14 00:25:11 App is up to date.
2024-07-14 02:50:27 Loading main app package /opt/Obsidian/resources/obsidian.asar
2024-07-14 02:50:27 Checking for update using Github
2024-07-14 02:50:28 Success.
2024-07-14 02:50:28 Latest version is 1.6.5
2024-07-14 02:50:28 App is up to date.
2024-07-14 03:59:06 Loading main app package /opt/Obsidian/resources/obsidian.asar
2024-07-14 03:59:06 Checking for update using Github
2024-07-14 03:59:07 Success.
2024-07-14 03:59:07 Latest version is 1.6.5
2024-07-14 03:59:07 App is up to date.
2024-07-14 22:20:40 Loading main app package /opt/Obsidian/resources/obsidian.asar
2024-07-14 22:20:41 Checking for update using Github
2024-07-14 22:20:41 Success.
2024-07-14 22:20:41 Latest version is 1.6.5
2024-07-14 22:20:41 App is up to date.
2024-07-15 02:49:55 Loading main app package /opt/Obsidian/resources/obsidian.asar
2024-07-15 02:49:55 Checking for update using Github
2024-07-15 02:49:56 Success.
2024-07-15 02:49:56 Latest version is 1.6.5
2024-07-15 02:49:56 App is up to date.
2024-07-15 12:28:39 Loading main app package /opt/Obsidian/resources/obsidian.asar
2024-07-15 12:28:39 Checking for update using Github
2024-07-15 12:28:40 Success.
2024-07-15 12:28:40 Latest version is 1.6.5
2024-07-15 12:28:40 App is up to date.
2024-07-15 13:28:39 Checking for update using Github
2024-07-15 13:28:39 Success.
2024-07-15 13:28:39 Latest version is 1.6.5
2024-07-15 13:28:39 App is up to date.
2024-07-15 14:28:39 Checking for update using Github
2024-07-15 14:28:39 Success.
2024-07-15 14:28:39 Latest version is 1.6.5
2024-07-15 14:28:39 App is up to date.
2024-07-15 15:28:39 Checking for update using Github
2024-07-15 15:28:39 Success.
2024-07-15 15:28:39 Latest version is 1.6.5
2024-07-15 15:28:39 App is up to date.
2024-07-16 02:31:22 Loading main app package /opt/Obsidian/resources/obsidian.asar
2024-07-16 02:31:22 Checking for update using Github
2024-07-16 02:31:23 Success.
2024-07-16 02:31:23 Latest version is 1.6.5
2024-07-16 02:31:23 App is up to date.
2024-07-16 02:57:31 Loading main app package /opt/Obsidian/resources/obsidian.asar
2024-07-16 02:57:31 Checking for update using Github
2024-07-16 02:57:31 Success.
2024-07-16 02:57:31 Latest version is 1.6.5
2024-07-16 02:57:31 App is up to date.
2024-07-16 03:57:31 Checking for update using Github
2024-07-16 03:57:31 Success.
2024-07-16 03:57:31 Latest version is 1.6.5
2024-07-16 03:57:31 App is up to date.
2024-07-16 04:57:31 Checking for update using Github
2024-07-16 04:57:31 Success.
2024-07-16 04:57:31 Latest version is 1.6.5
2024-07-16 04:57:31 App is up to date.
2024-07-16 05:57:31 Checking for update using Github
2024-07-16 05:57:31 Success.
2024-07-16 05:57:31 Latest version is 1.6.5
2024-07-16 05:57:31 App is up to date.
2024-07-16 06:57:31 Checking for update using Github
2024-07-16 06:57:31 Success.
2024-07-16 06:57:31 Latest version is 1.6.5
2024-07-16 06:57:31 App is up to date.
2024-07-16 07:57:31 Checking for update using Github
2024-07-16 07:57:31 Success.
2024-07-16 07:57:31 Latest version is 1.6.5
2024-07-16 07:57:31 App is up to date.
2024-07-16 08:57:31 Checking for update using Github
2024-07-16 08:57:31 Success.
2024-07-16 08:57:31 Latest version is 1.6.5
2024-07-16 08:57:31 App is up to date.
2024-07-16 09:57:31 Checking for update using Github
2024-07-16 09:57:31 Success.
2024-07-16 09:57:31 Latest version is 1.6.5
2024-07-16 09:57:31 App is up to date.
2024-07-16 10:57:31 Checking for update using Github
2024-07-16 10:57:32 Success.
2024-07-16 10:57:32 Latest version is 1.6.5
2024-07-16 10:57:32 App is up to date.
2024-07-16 11:57:32 Checking for update using Github
2024-07-16 11:57:32 Success.
2024-07-16 11:57:32 Latest version is 1.6.5
2024-07-16 11:57:32 App is up to date.
2024-07-16 12:57:32 Checking for update using Github
2024-07-16 12:57:32 Success.
2024-07-16 12:57:32 Latest version is 1.6.5
2024-07-16 12:57:32 App is up to date.
2024-07-16 13:17:29 Loading main app package /opt/Obsidian/resources/obsidian.asar
2024-07-16 13:17:29 Checking for update using Github
2024-07-16 13:17:52 Loading main app package /opt/Obsidian/resources/obsidian.asar
2024-07-16 13:17:52 Checking for update using Github
2024-07-16 13:18:12 Loading main app package /opt/Obsidian/resources/obsidian.asar
2024-07-16 13:18:12 Checking for update using Github
2024-07-16 13:57:32 Checking for update using Github
2024-07-16 13:57:32 Success.
2024-07-16 13:57:32 Latest version is 1.6.5
2024-07-16 13:57:32 App is up to date.
2024-07-16 14:57:32 Checking for update using Github
2024-07-16 14:57:32 Success.
2024-07-16 14:57:32 Latest version is 1.6.5
2024-07-16 14:57:32 App is up to date.
2024-07-16 15:57:32 Checking for update using Github
2024-07-16 15:57:32 Success.
2024-07-16 15:57:32 Latest version is 1.6.5
2024-07-16 15:57:32 App is up to date.
2024-07-16 16:57:32 Checking for update using Github
2024-07-16 16:57:32 Success.
2024-07-16 16:57:32 Latest version is 1.6.5
2024-07-16 16:57:32 App is up to date.
2024-07-16 17:57:32 Checking for update using Github
2024-07-16 17:57:32 Success.
2024-07-16 17:57:32 Latest version is 1.6.5
2024-07-16 17:57:32 App is up to date.
2024-07-16 18:57:32 Checking for update using Github
2024-07-16 18:57:32 Success.
2024-07-16 18:57:32 Latest version is 1.6.5
2024-07-16 18:57:32 App is up to date.
2024-07-16 19:57:32 Checking for update using Github
2024-07-16 19:57:32 Success.
2024-07-16 19:57:32 Latest version is 1.6.5
2024-07-16 19:57:32 App is up to date.
2024-07-16 20:57:32 Checking for update using Github
2024-07-16 20:57:32 Success.
2024-07-16 20:57:32 Latest version is 1.6.5
2024-07-16 20:57:32 App is up to date.
2024-07-16 21:57:32 Checking for update using Github
2024-07-16 21:57:33 Success.
2024-07-16 21:57:33 Latest version is 1.6.5
2024-07-16 21:57:33 App is up to date.
2024-07-18 16:58:17 Loading main app package /opt/Obsidian/resources/obsidian.asar
2024-07-18 16:58:18 Checking for update using Github
2024-07-18 16:58:18 Success.
2024-07-18 16:58:18 Latest version is 1.6.7
2024-07-18 16:58:18 Downloading update from https://github.com/obsidianmd/obsidian-releases/releases/download/v1.6.7/obsidian-1.6.7.asar.gz
2024-07-18 16:58:19 Verifying hash & signature. Size= 7993245
2024-07-18 16:58:19 Saving file
2024-07-18 16:58:19 Update complete.
2024-07-18 16:58:32 Loading updated app package /home/nicolas/.config/obsidian/obsidian-1.6.7.asar
2024-07-18 16:58:32 Checking for update using Github
2024-07-18 16:58:33 Success.
2024-07-18 16:58:33 Latest version is 1.6.7
2024-07-18 16:58:33 App is up to date.
2024-07-18 19:37:42 Loading updated app package /home/nicolas/.config/obsidian/obsidian-1.6.7.asar
2024-07-18 19:37:42 Checking for update using Github
2024-07-18 19:37:42 Success.
2024-07-18 19:37:42 Latest version is 1.6.7
2024-07-18 19:37:42 App is up to date.
2024-07-18 19:43:28 Loading updated app package /home/nicolas/.config/obsidian/obsidian-1.6.7.asar
2024-07-18 19:43:28 Checking for update using Github
2024-07-18 19:43:29 Success.
2024-07-18 19:43:29 Latest version is 1.6.7
2024-07-18 19:43:29 App is up to date.
2024-07-18 19:44:00 Loading updated app package /home/nicolas/.config/obsidian/obsidian-1.6.7.asar
2024-07-18 19:44:00 Checking for update using Github
2024-07-18 19:44:00 Success.
2024-07-18 19:44:00 Latest version is 1.6.7
2024-07-18 19:44:00 App is up to date.
2024-07-18 19:44:14 Loading updated app package /home/nicolas/.config/obsidian/obsidian-1.6.7.asar
2024-07-18 19:44:15 Checking for update using Github
2024-07-18 19:44:15 Success.
2024-07-18 19:44:15 Latest version is 1.6.7
2024-07-18 19:44:15 App is up to date.
2024-07-18 20:09:53 Loading updated app package /home/nicolas/.config/obsidian/obsidian-1.6.7.asar
2024-07-18 20:09:54 Checking for update using Github
2024-07-18 20:09:54 Success.
2024-07-18 20:09:54 Latest version is 1.6.7
2024-07-18 20:09:54 App is up to date.
2024-07-18 21:09:53 Checking for update using Github
2024-07-18 21:09:54 Success.
2024-07-18 21:09:54 Latest version is 1.6.7
2024-07-18 21:09:54 App is up to date.
2024-07-19 00:05:33 Loading updated app package /home/nicolas/.config/obsidian/obsidian-1.6.7.asar
2024-07-19 00:05:33 Checking for update using Github
2024-07-19 00:05:34 Success.
2024-07-19 00:05:34 Latest version is 1.6.7
2024-07-19 00:05:34 App is up to date.
2024-07-19 20:55:02 Loading updated app package /home/nicolas/.config/obsidian/obsidian-1.6.7.asar
2024-07-19 20:55:03 Checking for update using Github
2024-07-19 20:55:03 Success.
2024-07-19 20:55:03 Latest version is 1.6.7
2024-07-19 20:55:03 App is up to date.
2024-07-20 01:36:30 Loading updated app package /home/nicolas/.config/obsidian/obsidian-1.6.7.asar
2024-07-20 01:36:30 Checking for update using Github
2024-07-20 01:36:31 Success.
2024-07-20 01:36:31 Latest version is 1.6.7
2024-07-20 01:36:31 App is up to date.
2024-07-20 02:36:30 Checking for update using Github
2024-07-20 02:36:30 Success.
2024-07-20 02:36:30 Latest version is 1.6.7
2024-07-20 02:36:30 App is up to date.
2024-07-20 14:43:25 Loading updated app package /home/nicolas/.config/obsidian/obsidian-1.6.7.asar
2024-07-20 14:43:25 Checking for update using Github
2024-07-20 14:43:26 Success.
2024-07-20 14:43:26 Latest version is 1.6.7
2024-07-20 14:43:26 App is up to date.
2024-07-20 21:06:32 Loading updated app package /home/nicolas/.config/obsidian/obsidian-1.6.7.asar
2024-07-20 21:06:33 Checking for update using Github
2024-07-20 21:06:33 Success.
2024-07-20 21:06:33 Latest version is 1.6.7
2024-07-20 21:06:33 App is up to date.
2024-07-20 21:06:51 Loading updated app package /home/nicolas/.config/obsidian/obsidian-1.6.7.asar
2024-07-20 21:06:51 Checking for update using Github
2024-07-20 21:06:51 Success.
2024-07-20 21:06:51 Latest version is 1.6.7
2024-07-20 21:06:51 App is up to date.
2024-07-20 22:06:51 Checking for update using Github
2024-07-20 22:06:51 Success.
2024-07-20 22:06:51 Latest version is 1.6.7
2024-07-20 22:06:51 App is up to date.
2024-07-20 23:06:51 Checking for update using Github
2024-07-20 23:06:51 Success.
2024-07-20 23:06:51 Latest version is 1.6.7
2024-07-20 23:06:51 App is up to date.
2024-07-21 02:35:33 Loading updated app package /home/nicolas/.config/obsidian/obsidian-1.6.7.asar
2024-07-21 02:35:33 Checking for update using Github
2024-07-21 02:35:33 Success.
2024-07-21 02:35:33 Latest version is 1.6.7
2024-07-21 02:35:33 App is up to date.
2024-07-21 03:35:33 Checking for update using Github
2024-07-21 03:35:33 Success.
2024-07-21 03:35:33 Latest version is 1.6.7
2024-07-21 03:35:33 App is up to date.
2024-07-21 22:04:04 Loading updated app package /home/nicolas/.config/obsidian/obsidian-1.6.7.asar
2024-07-21 22:04:04 Checking for update using Github
2024-07-21 22:04:04 Success.
2024-07-21 22:04:04 Latest version is 1.6.7
2024-07-21 22:04:04 App is up to date.
2024-07-21 23:04:04 Checking for update using Github
2024-07-21 23:04:04 Success.
2024-07-21 23:04:04 Latest version is 1.6.7
2024-07-21 23:04:04 App is up to date.
2024-07-22 00:04:04 Checking for update using Github
2024-07-22 00:04:04 Success.
2024-07-22 00:04:04 Latest version is 1.6.7
2024-07-22 00:04:04 App is up to date.
2024-07-22 01:04:04 Checking for update using Github
2024-07-22 01:04:04 Success.
2024-07-22 01:04:04 Latest version is 1.6.7
2024-07-22 01:04:04 App is up to date.
2024-07-22 02:04:04 Checking for update using Github
2024-07-22 02:04:04 Success.
2024-07-22 02:04:04 Latest version is 1.6.7
2024-07-22 02:04:04 App is up to date.
2024-07-22 17:58:33 Loading updated app package /home/nicolas/.config/obsidian/obsidian-1.6.7.asar
2024-07-22 17:58:34 Checking for update using Github
2024-07-22 17:58:34 Success.
2024-07-22 17:58:34 Latest version is 1.6.7
2024-07-22 17:58:34 App is up to date.
2024-07-22 17:58:46 Loading updated app package /home/nicolas/.config/obsidian/obsidian-1.6.7.asar
2024-07-22 17:58:46 Checking for update using Github
2024-07-22 17:58:46 Success.
2024-07-22 17:58:46 Latest version is 1.6.7
2024-07-22 17:58:46 App is up to date.
2024-07-23 00:58:08 Loading updated app package /home/nicolas/.config/obsidian/obsidian-1.6.7.asar
2024-07-23 00:58:09 Checking for update using Github
2024-07-23 00:58:09 Success.
2024-07-23 00:58:09 Latest version is 1.6.7
2024-07-23 00:58:09 App is up to date.
2024-07-23 01:58:14 Checking for update using Github
2024-07-23 01:58:14 Success.
2024-07-23 01:58:14 Latest version is 1.6.7
2024-07-23 01:58:14 App is up to date.
2024-07-23 02:59:55 Checking for update using Github
2024-07-23 02:59:55 Success.
2024-07-23 02:59:55 Latest version is 1.6.7
2024-07-23 02:59:55 App is up to date.
2024-07-23 14:52:57 Checking for update using Github
2024-07-23 14:52:57 Success.
2024-07-23 14:52:57 Latest version is 1.6.7
2024-07-23 14:52:57 App is up to date.
2024-07-23 15:52:57 Checking for update using Github
2024-07-23 15:52:57 Success.
2024-07-23 15:52:57 Latest version is 1.6.7
2024-07-23 15:52:57 App is up to date.
2024-07-23 16:52:57 Checking for update using Github
2024-07-23 16:52:57 Success.
2024-07-23 16:52:57 Latest version is 1.6.7
2024-07-23 16:52:57 App is up to date.
2024-07-23 17:52:57 Checking for update using Github
2024-07-23 17:52:57 Success.
2024-07-23 17:52:57 Latest version is 1.6.7
2024-07-23 17:52:57 App is up to date.
2024-07-23 18:52:57 Checking for update using Github
2024-07-23 18:52:57 Success.
2024-07-23 18:52:57 Latest version is 1.6.7
2024-07-23 18:52:57 App is up to date.
2024-07-23 19:52:57 Checking for update using Github
2024-07-23 19:52:57 Success.
2024-07-23 19:52:57 Latest version is 1.6.7
2024-07-23 19:52:57 App is up to date.
2024-07-24 00:36:57 Loading updated app package /home/nicolas/.config/obsidian/obsidian-1.6.7.asar
2024-07-24 00:36:58 Checking for update using Github
2024-07-24 00:36:58 Success.
2024-07-24 00:36:58 Latest version is 1.6.7
2024-07-24 00:36:58 App is up to date.
2024-07-24 22:58:58 Loading updated app package /home/nicolas/.config/obsidian/obsidian-1.6.7.asar
2024-07-24 22:58:58 Checking for update using Github
2024-07-24 22:58:59 Success.
2024-07-24 22:58:59 Latest version is 1.6.7
2024-07-24 22:58:59 App is up to date.
2024-07-24 23:01:51 Loading updated app package /home/nicolas/.config/obsidian/obsidian-1.6.7.asar
2024-07-24 23:01:52 Checking for update using Github
2024-07-24 23:01:52 Success.
2024-07-24 23:01:52 Latest version is 1.6.7
2024-07-24 23:01:52 App is up to date.
