2024-07-12 21:15:13.986 [info] Reading sessions from keychain...
2024-07-12 21:15:13.986 [info] Getting sessions for all scopes...
2024-07-12 21:15:13.986 [info] Getting sessions for all scopes...
2024-07-12 21:15:13.986 [info] Getting sessions for user:email...
2024-07-12 21:15:13.986 [info] Got stored sessions!
2024-07-12 21:15:13.986 [info] Got 2 verified sessions.
2024-07-12 21:15:13.986 [info] Got 2 sessions for ...
2024-07-12 21:15:13.986 [info] Got 2 sessions for ...
2024-07-12 21:15:13.986 [info] Got 1 sessions for user:email...
2024-07-12 21:15:14.202 [info] Getting sessions for read:user,repo,user:email,workflow...
2024-07-12 21:15:14.202 [info] Got 1 sessions for read:user,repo,user:email,workflow...
2024-07-12 21:15:15.073 [info] Getting sessions for read:user,repo,user:email,workflow...
2024-07-12 21:15:15.073 [info] Got 1 sessions for read:user,repo,user:email,workflow...
2024-07-12 21:15:15.996 [info] Getting sessions for all scopes...
2024-07-12 21:15:15.996 [info] Got 2 sessions for ...
2024-07-12 21:15:21.878 [info] Getting sessions for all scopes...
2024-07-12 21:15:21.878 [info] Got 2 sessions for ...
2024-07-12 21:15:24.593 [info] Getting sessions for all scopes...
2024-07-12 21:15:24.593 [info] Got 2 sessions for ...
2024-07-12 21:15:25.779 [info] Getting sessions for all scopes...
2024-07-12 21:15:25.779 [info] Got 2 sessions for ...
