2024-07-14 01:08:24.284 [info] Using settings sync service https://vscode-sync.trafficmanager.net/
2024-07-14 01:08:24.284 [info] Auto Sync is enabled.
2024-07-14 01:08:24.284 [info] Auto Sync: Suspended until auth token is available.
2024-07-14 01:08:24.291 [info] Deleting non existing profile from backup /home/nicolas/.config/Code/User/sync/extensions
2024-07-14 01:08:24.296 [info] Deleting non existing profile from backup /home/nicolas/.config/Code/User/sync/globalState
2024-07-14 01:08:24.296 [info] Deleting non existing profile from backup /home/nicolas/.config/Code/User/sync/keybindings
2024-07-14 01:08:24.296 [info] Deleting non existing profile from backup /home/nicolas/.config/Code/User/sync/profiles
2024-07-14 01:08:24.307 [info] Deleting non existing profile from backup /home/nicolas/.config/Code/User/sync/settings
2024-07-14 01:08:24.320 [info] Deleting non existing profile from backup /home/nicolas/.config/Code/User/sync/snippets
2024-07-14 01:08:24.321 [info] Deleting non existing profile from backup /home/nicolas/.config/Code/User/sync/tasks
2024-07-14 01:08:25.407 [info] Auto Sync: Triggered by Interval
2024-07-14 01:08:25.407 [info] Sync started.
2024-07-14 01:08:26.356 [info] Settings: Last sync resource does not exist locally.
2024-07-14 01:08:26.567 [info] Settings: No changes found during synchronizing settings.
2024-07-14 01:08:26.569 [info] Keybindings: Last sync resource does not exist locally.
2024-07-14 01:08:26.768 [info] Keybindings: No changes found during synchronizing keybindings.
2024-07-14 01:08:26.769 [info] Snippets: Last sync resource does not exist locally.
2024-07-14 01:08:26.937 [info] Snippets: No changes found during synchronizing snippets.
2024-07-14 01:08:26.939 [info] Tasks: Last sync resource does not exist locally.
2024-07-14 01:08:27.116 [info] Tasks: No changes found during synchronizing tasks.
2024-07-14 01:08:27.117 [info] GlobalState: Last sync resource does not exist locally.
2024-07-14 01:08:27.466 [info] GlobalState: No changes found during synchronizing ui state.
2024-07-14 01:08:27.467 [info] Extensions: Last sync resource does not exist locally.
2024-07-14 01:08:27.673 [info] Extensions: No changes found during synchronizing extensions.
2024-07-14 01:08:27.674 [info] Profiles: Last sync resource does not exist locally.
2024-07-14 01:08:27.861 [info] Profiles: No changes found during synchronizing profiles.
2024-07-14 01:08:27.862 [info] Sync done. Took 2456ms
