2024-07-12 00:42:55.504 [info] Log level: Info
2024-07-12 00:42:55.504 [info] Validating found git in: "git"
2024-07-12 00:42:55.504 [info] Using git "2.39.2" from "git"
2024-07-12 00:42:55.504 [info] > git rev-parse --show-toplevel [7ms]
2024-07-12 00:42:55.504 [info] > git rev-parse --git-dir --git-common-dir [156ms]
2024-07-12 00:42:55.504 [info] Open repository: /media/nicolas/Almacen/00-MiCodigo/01-ReposGithub/i3
2024-07-12 00:42:55.609 [info] > git rev-parse --show-toplevel [26ms]
2024-07-12 00:42:55.610 [info] > git config --get commit.template [38ms]
2024-07-12 00:42:55.610 [info] > git for-each-ref --format %(refname) %(objectname) %(*objectname) refs/tags [5ms]
2024-07-12 00:42:55.629 [info] > git rev-parse --show-toplevel [7ms]
2024-07-12 00:42:55.637 [info] > git status -z -uall [20ms]
2024-07-12 00:42:55.650 [info] > git config --get commit.template [1ms]
2024-07-12 00:42:55.650 [info] > git rev-parse --show-toplevel [13ms]
2024-07-12 00:42:55.670 [info] > git for-each-ref --format %(refname) %(objectname) %(*objectname) refs/tags [8ms]
2024-07-12 00:42:55.699 [info] > git status -z -uall [25ms]
2024-07-12 00:42:56.097 [info] > git check-ignore -v -z --stdin [3ms]
2024-07-12 00:42:56.335 [info] > git fetch [851ms]
2024-07-12 00:42:56.394 [info] > git config --get commit.template [45ms]
2024-07-12 00:42:56.413 [info] > git for-each-ref --format %(refname) %(objectname) %(*objectname) refs/tags [12ms]
2024-07-12 00:42:56.439 [info] > git status -z -uall [20ms]
2024-07-12 00:42:58.867 [info] > git add -A -- . [12ms]
2024-07-12 00:42:59.381 [info] > git show --textconv :.git/COMMIT_EDITMSG [7ms]
2024-07-12 00:42:59.384 [info] > git ls-files --stage -- /media/nicolas/Almacen/00-MiCodigo/01-ReposGithub/i3/.git/COMMIT_EDITMSG [3ms]
2024-07-12 00:42:59.715 [info] > git check-ignore -v -z --stdin [16ms]
2024-07-12 00:43:00.207 [info] > git ls-files --stage -- /media/nicolas/Almacen/00-MiCodigo/01-ReposGithub/i3/.git/COMMIT_EDITMSG [3ms]
2024-07-12 00:43:00.215 [info] > git show --textconv :.git/COMMIT_EDITMSG [2ms]
2024-07-12 00:43:00.879 [info] > git -c user.useConfigOnly=true commit --quiet [2007ms]
2024-07-12 00:43:00.880 [info] Aborting commit due to empty commit message.
2024-07-12 00:43:00.888 [info] > git config --get commit.template [4ms]
2024-07-12 00:43:00.892 [info] > git for-each-ref --format %(refname) %(objectname) %(*objectname) refs/tags [4ms]
2024-07-12 00:43:00.904 [info] > git status -z -uall [8ms]
2024-07-12 00:43:08.741 [info] > git -c user.useConfigOnly=true commit --quiet --allow-empty-message --file - [36ms]
2024-07-12 00:43:08.747 [info] > git config --get commit.template [1ms]
2024-07-12 00:43:08.766 [info] > git config --get commit.template [8ms]
2024-07-12 00:43:08.769 [info] > git for-each-ref --format %(refname) %(objectname) %(*objectname) refs/tags [4ms]
2024-07-12 00:43:08.781 [info] > git status -z -uall [7ms]
2024-07-12 00:43:08.857 [info] > git for-each-ref --format %(refname) %(objectname) %(*objectname) refs/tags [9ms]
2024-07-12 00:43:08.858 [info] > git config --get commit.template [3ms]
2024-07-12 00:43:08.869 [info] > git status -z -uall [7ms]
