2024-07-12 21:15:13.575 [info] Log level: Info
2024-07-12 21:15:13.575 [info] Validating found git in: "git"
2024-07-12 21:15:13.575 [info] Using git "2.39.2" from "git"
2024-07-12 21:15:13.575 [info] > git rev-parse --show-toplevel [29ms]
2024-07-12 21:15:13.722 [info] > git rev-parse --git-dir --git-common-dir [148ms]
2024-07-12 21:15:13.758 [info] Open repository: /media/nicolas/Almacen/00-MiCodigo/01-ReposGithub/i3
2024-07-12 21:15:13.920 [info] > git rev-parse --show-toplevel [80ms]
2024-07-12 21:15:13.921 [info] > git config --get commit.template [91ms]
2024-07-12 21:15:13.980 [info] > git rev-parse --show-toplevel [20ms]
2024-07-12 21:15:13.988 [info] > git for-each-ref --format %(refname) %(objectname) %(*objectname) refs/tags [19ms]
2024-07-12 21:15:14.081 [info] > git status -z -uall [66ms]
2024-07-12 21:15:14.128 [info] > git config --get commit.template [12ms]
2024-07-12 21:15:14.132 [info] > git for-each-ref --format %(refname) %(objectname) %(*objectname) refs/tags [5ms]
2024-07-12 21:15:14.166 [info] > git status -z -uall [30ms]
2024-07-12 21:15:14.393 [info] > git check-ignore -v -z --stdin [42ms]
2024-07-12 21:15:14.943 [info] > git fetch [1185ms]
2024-07-12 21:15:14.963 [info] > git config --get commit.template [8ms]
2024-07-12 21:15:14.976 [info] > git for-each-ref --format %(refname) %(objectname) %(*objectname) refs/tags [12ms]
2024-07-12 21:15:15.016 [info] > git status -z -uall [26ms]
2024-07-12 21:15:15.313 [info] > git ls-files --stage -- /media/nicolas/Almacen/00-MiCodigo/01-ReposGithub/i3/00-Genesis.sh [5ms]
2024-07-12 21:15:15.342 [info] > git show --textconv :00-Genesis.sh [50ms]
2024-07-12 21:15:15.349 [info] > git cat-file -s 99237fd8107edecbb25160baa1286e2b3c60ef02 [8ms]
2024-07-12 21:15:16.078 [info] > git config --get commit.template [6ms]
2024-07-12 21:15:16.109 [info] > git for-each-ref --format %(refname) %(objectname) %(*objectname) refs/tags [31ms]
2024-07-12 21:15:16.145 [info] > git status -z -uall [28ms]
2024-07-12 21:15:16.161 [info] > git ls-files --stage -- /media/nicolas/Almacen/00-MiCodigo/01-ReposGithub/i3/00-Genesis.sh [2ms]
2024-07-12 21:15:16.173 [info] > git cat-file -s 99237fd8107edecbb25160baa1286e2b3c60ef02 [6ms]
2024-07-12 21:15:16.190 [info] > git show --textconv :00-Genesis.sh [6ms]
2024-07-12 21:15:25.632 [info] > git config --get commit.template [9ms]
2024-07-12 21:15:25.636 [info] > git for-each-ref --format %(refname) %(objectname) %(*objectname) refs/tags [5ms]
2024-07-12 21:15:25.666 [info] > git status -z -uall [22ms]
2024-07-12 21:49:10.347 [info] > git fetch [770ms]
2024-07-12 21:49:10.361 [info] > git config --get commit.template [8ms]
2024-07-12 21:49:10.361 [info] > git for-each-ref --format %(refname) %(objectname) %(*objectname) refs/tags [4ms]
2024-07-12 21:49:10.374 [info] > git status -z -uall [8ms]
2024-07-12 21:49:11.433 [info] > git config --get commit.template [15ms]
2024-07-12 21:49:11.442 [info] > git for-each-ref --format %(refname) %(objectname) %(*objectname) refs/tags [15ms]
2024-07-12 21:49:11.459 [info] > git status -z -uall [11ms]
2024-07-12 21:49:11.521 [info] > git ls-files --stage -- /media/nicolas/Almacen/00-MiCodigo/01-ReposGithub/i3/00-Genesis.sh [3ms]
2024-07-12 21:49:11.529 [info] > git cat-file -s 99237fd8107edecbb25160baa1286e2b3c60ef02 [4ms]
2024-07-12 21:49:11.543 [info] > git show --textconv :00-Genesis.sh [5ms]
2024-07-12 21:49:16.473 [info] > git config --get commit.template [1ms]
2024-07-12 21:49:16.481 [info] > git for-each-ref --format %(refname) %(objectname) %(*objectname) refs/tags [3ms]
2024-07-12 21:49:16.492 [info] > git status -z -uall [8ms]
