2024-07-11 23:20:39.741 [info] Using settings sync service https://vscode-sync.trafficmanager.net/
2024-07-11 23:20:39.741 [info] Auto Sync is enabled.
2024-07-11 23:20:39.741 [info] Auto Sync: Suspended until auth token is available.
2024-07-11 23:20:39.896 [info] Deleting non existing profile from backup /home/nicolas/.config/Code/User/sync/extensions
2024-07-11 23:20:39.898 [info] Deleting non existing profile from backup /home/nicolas/.config/Code/User/sync/globalState
2024-07-11 23:20:39.900 [info] Deleting non existing profile from backup /home/nicolas/.config/Code/User/sync/keybindings
2024-07-11 23:20:39.923 [info] Deleting non existing profile from backup /home/nicolas/.config/Code/User/sync/profiles
2024-07-11 23:20:39.925 [info] Deleting non existing profile from backup /home/nicolas/.config/Code/User/sync/settings
2024-07-11 23:20:39.928 [info] Deleting non existing profile from backup /home/nicolas/.config/Code/User/sync/snippets
2024-07-11 23:20:39.929 [info] Deleting non existing profile from backup /home/nicolas/.config/Code/User/sync/tasks
2024-07-11 23:20:42.251 [info] Auto Sync: Triggered by Interval
2024-07-11 23:20:42.252 [info] Sync started.
2024-07-11 23:20:43.170 [info] Settings: Last sync resource does not exist locally.
2024-07-11 23:20:43.389 [info] Settings: No changes found during synchronizing settings.
2024-07-11 23:20:43.395 [info] Keybindings: Last sync resource does not exist locally.
2024-07-11 23:20:43.577 [info] Keybindings: No changes found during synchronizing keybindings.
2024-07-11 23:20:43.580 [info] Snippets: Last sync resource does not exist locally.
2024-07-11 23:20:43.774 [info] Snippets: No changes found during synchronizing snippets.
2024-07-11 23:20:43.777 [info] Tasks: Last sync resource does not exist locally.
2024-07-11 23:20:43.960 [info] Tasks: No changes found during synchronizing tasks.
2024-07-11 23:20:43.967 [info] GlobalState: Last sync resource does not exist locally.
2024-07-11 23:20:44.313 [info] GlobalState: No changes found during synchronizing ui state.
2024-07-11 23:20:44.314 [info] Extensions: Last sync resource does not exist locally.
2024-07-11 23:20:44.550 [info] Extensions: No changes found during synchronizing extensions.
2024-07-11 23:20:44.552 [info] Profiles: Last sync resource does not exist locally.
2024-07-11 23:20:44.735 [info] Profiles: No changes found during synchronizing profiles.
2024-07-11 23:20:44.740 [info] Sync done. Took 2489ms
2024-07-11 23:21:14.570 [info] Auto Sync: Triggered by Activity
2024-07-11 23:21:14.570 [info] Sync started.
2024-07-11 23:21:14.973 [info] Settings: Updated remote settings
2024-07-11 23:21:14.976 [info] Settings: Updated last synchronized settings
2024-07-11 23:21:14.979 [info] Keybindings: No changes found during synchronizing keybindings.
2024-07-11 23:21:14.983 [info] Snippets: No changes found during synchronizing snippets.
2024-07-11 23:21:14.989 [info] Tasks: No changes found during synchronizing tasks.
2024-07-11 23:21:14.993 [info] GlobalState: No changes found during synchronizing ui state.
2024-07-11 23:21:15.061 [info] Extensions: No changes found during synchronizing extensions.
2024-07-11 23:21:15.063 [info] Profiles: No changes found during synchronizing profiles.
2024-07-11 23:21:15.065 [info] Sync done. Took 495ms
2024-07-11 23:21:38.283 [info] Auto Sync: Triggered by Activity
2024-07-11 23:21:38.283 [info] Sync started.
2024-07-11 23:21:38.457 [info] Settings: No changes found during synchronizing settings.
2024-07-11 23:21:38.464 [info] Keybindings: No changes found during synchronizing keybindings.
2024-07-11 23:21:38.471 [info] Snippets: No changes found during synchronizing snippets.
2024-07-11 23:21:38.478 [info] Tasks: No changes found during synchronizing tasks.
2024-07-11 23:21:38.482 [info] GlobalState: No changes found during synchronizing ui state.
2024-07-11 23:21:38.548 [info] Extensions: No changes found during synchronizing extensions.
2024-07-11 23:21:38.551 [info] Profiles: No changes found during synchronizing profiles.
2024-07-11 23:21:38.553 [info] Sync done. Took 270ms
2024-07-11 23:21:58.803 [info] Auto Sync: Triggered by Activity
2024-07-11 23:21:58.804 [info] Sync started.
2024-07-11 23:21:59.009 [info] Settings: No changes found during synchronizing settings.
2024-07-11 23:21:59.014 [info] Keybindings: No changes found during synchronizing keybindings.
2024-07-11 23:21:59.018 [info] Snippets: No changes found during synchronizing snippets.
2024-07-11 23:21:59.023 [info] Tasks: No changes found during synchronizing tasks.
2024-07-11 23:21:59.029 [info] GlobalState: No changes found during synchronizing ui state.
2024-07-11 23:21:59.100 [info] Extensions: No changes found during synchronizing extensions.
2024-07-11 23:21:59.103 [info] Profiles: No changes found during synchronizing profiles.
2024-07-11 23:21:59.107 [info] Sync done. Took 301ms
2024-07-11 23:22:16.054 [info] Auto Sync: Triggered by Activity
2024-07-11 23:22:16.055 [info] Sync started.
2024-07-11 23:22:16.228 [info] Settings: No changes found during synchronizing settings.
2024-07-11 23:22:16.230 [info] Keybindings: No changes found during synchronizing keybindings.
2024-07-11 23:22:16.233 [info] Snippets: No changes found during synchronizing snippets.
2024-07-11 23:22:16.235 [info] Tasks: No changes found during synchronizing tasks.
2024-07-11 23:22:16.238 [info] GlobalState: No changes found during synchronizing ui state.
2024-07-11 23:22:16.281 [info] Extensions: No changes found during synchronizing extensions.
2024-07-11 23:22:16.285 [info] Profiles: No changes found during synchronizing profiles.
2024-07-11 23:22:16.288 [info] Sync done. Took 233ms
2024-07-11 23:22:29.519 [info] Auto Sync: Triggered by Activity
2024-07-11 23:22:29.520 [info] Sync started.
2024-07-11 23:22:29.698 [info] Settings: No changes found during synchronizing settings.
2024-07-11 23:22:29.702 [info] Keybindings: No changes found during synchronizing keybindings.
2024-07-11 23:22:29.709 [info] Snippets: No changes found during synchronizing snippets.
2024-07-11 23:22:29.715 [info] Tasks: No changes found during synchronizing tasks.
2024-07-11 23:22:29.719 [info] GlobalState: No changes found during synchronizing ui state.
2024-07-11 23:22:29.755 [info] Extensions: No changes found during synchronizing extensions.
2024-07-11 23:22:29.758 [info] Profiles: No changes found during synchronizing profiles.
2024-07-11 23:22:29.761 [info] Sync done. Took 240ms
2024-07-11 23:22:43.708 [info] Auto Sync: Triggered by Activity
2024-07-11 23:22:43.708 [info] Sync started.
2024-07-11 23:22:43.881 [info] Settings: No changes found during synchronizing settings.
2024-07-11 23:22:43.888 [info] Keybindings: No changes found during synchronizing keybindings.
2024-07-11 23:22:43.896 [info] Snippets: No changes found during synchronizing snippets.
2024-07-11 23:22:43.904 [info] Tasks: No changes found during synchronizing tasks.
2024-07-11 23:22:43.904 [info] GlobalState: No changes found during synchronizing ui state.
2024-07-11 23:22:43.943 [info] Extensions: No changes found during synchronizing extensions.
2024-07-11 23:22:43.946 [info] Profiles: No changes found during synchronizing profiles.
2024-07-11 23:22:43.947 [info] Sync done. Took 239ms
2024-07-11 23:22:59.775 [info] Auto Sync: Triggered by Activity
2024-07-11 23:22:59.775 [info] Sync started.
2024-07-11 23:22:59.968 [info] Settings: No changes found during synchronizing settings.
2024-07-11 23:22:59.974 [info] Keybindings: No changes found during synchronizing keybindings.
2024-07-11 23:22:59.978 [info] Snippets: No changes found during synchronizing snippets.
2024-07-11 23:22:59.981 [info] Tasks: No changes found during synchronizing tasks.
2024-07-11 23:22:59.984 [info] GlobalState: No changes found during synchronizing ui state.
2024-07-11 23:23:00.061 [info] Extensions: No changes found during synchronizing extensions.
2024-07-11 23:23:00.064 [info] Profiles: No changes found during synchronizing profiles.
2024-07-11 23:23:00.065 [info] Sync done. Took 291ms
2024-07-11 23:23:14.015 [info] Auto Sync: Triggered by Activity
2024-07-11 23:23:14.016 [info] Sync started.
2024-07-11 23:23:14.192 [info] Settings: No changes found during synchronizing settings.
2024-07-11 23:23:14.197 [info] Keybindings: No changes found during synchronizing keybindings.
2024-07-11 23:23:14.201 [info] Snippets: No changes found during synchronizing snippets.
2024-07-11 23:23:14.206 [info] Tasks: No changes found during synchronizing tasks.
2024-07-11 23:23:14.210 [info] GlobalState: No changes found during synchronizing ui state.
2024-07-11 23:23:14.243 [info] Extensions: No changes found during synchronizing extensions.
2024-07-11 23:23:14.244 [info] Profiles: No changes found during synchronizing profiles.
2024-07-11 23:23:14.246 [info] Sync done. Took 230ms
2024-07-11 23:25:55.340 [info] Auto Sync: Triggered by Activity
2024-07-11 23:25:55.340 [info] Sync started.
2024-07-11 23:25:56.074 [info] Settings: No changes found during synchronizing settings.
2024-07-11 23:25:56.090 [info] Keybindings: No changes found during synchronizing keybindings.
2024-07-11 23:25:56.099 [info] Snippets: No changes found during synchronizing snippets.
2024-07-11 23:25:56.113 [info] Tasks: No changes found during synchronizing tasks.
2024-07-11 23:25:56.126 [info] GlobalState: No changes found during synchronizing ui state.
2024-07-11 23:25:56.186 [info] Extensions: No changes found during synchronizing extensions.
2024-07-11 23:25:56.188 [info] Profiles: No changes found during synchronizing profiles.
2024-07-11 23:25:56.189 [info] Sync done. Took 849ms
2024-07-11 23:27:23.842 [info] Auto Sync: Triggered by Activity
2024-07-11 23:27:23.843 [info] Sync started.
2024-07-11 23:27:24.029 [info] Settings: No changes found during synchronizing settings.
2024-07-11 23:27:24.032 [info] Keybindings: No changes found during synchronizing keybindings.
2024-07-11 23:27:24.034 [info] Snippets: No changes found during synchronizing snippets.
2024-07-11 23:27:24.037 [info] Tasks: No changes found during synchronizing tasks.
2024-07-11 23:27:24.040 [info] GlobalState: No changes found during synchronizing ui state.
2024-07-11 23:27:24.081 [info] Extensions: No changes found during synchronizing extensions.
2024-07-11 23:27:24.084 [info] Profiles: No changes found during synchronizing profiles.
2024-07-11 23:27:24.085 [info] Sync done. Took 242ms
2024-07-11 23:28:26.131 [info] Auto Sync: Triggered by Activity
2024-07-11 23:28:26.131 [info] Sync started.
2024-07-11 23:28:26.333 [info] Settings: No changes found during synchronizing settings.
2024-07-11 23:28:26.338 [info] Keybindings: No changes found during synchronizing keybindings.
2024-07-11 23:28:26.342 [info] Snippets: No changes found during synchronizing snippets.
2024-07-11 23:28:26.344 [info] Tasks: No changes found during synchronizing tasks.
2024-07-11 23:28:26.347 [info] GlobalState: No changes found during synchronizing ui state.
2024-07-11 23:28:26.383 [info] Extensions: No changes found during synchronizing extensions.
2024-07-11 23:28:26.386 [info] Profiles: No changes found during synchronizing profiles.
2024-07-11 23:28:26.387 [info] Sync done. Took 255ms
2024-07-11 23:28:38.490 [info] Auto Sync: Triggered by Activity
2024-07-11 23:28:38.490 [info] Sync started.
2024-07-11 23:28:38.671 [info] Settings: No changes found during synchronizing settings.
2024-07-11 23:28:38.682 [info] Keybindings: No changes found during synchronizing keybindings.
2024-07-11 23:28:38.696 [info] Snippets: No changes found during synchronizing snippets.
2024-07-11 23:28:38.700 [info] Tasks: No changes found during synchronizing tasks.
2024-07-11 23:28:38.703 [info] GlobalState: No changes found during synchronizing ui state.
2024-07-11 23:28:38.796 [info] Extensions: No changes found during synchronizing extensions.
2024-07-11 23:28:38.801 [info] Profiles: No changes found during synchronizing profiles.
2024-07-11 23:28:38.805 [info] Sync done. Took 313ms
2024-07-11 23:29:06.679 [info] Auto Sync: Triggered by Activity
2024-07-11 23:29:06.680 [info] Sync started.
2024-07-11 23:29:06.878 [info] Settings: No changes found during synchronizing settings.
2024-07-11 23:29:06.882 [info] Keybindings: No changes found during synchronizing keybindings.
2024-07-11 23:29:06.886 [info] Snippets: No changes found during synchronizing snippets.
2024-07-11 23:29:06.895 [info] Tasks: No changes found during synchronizing tasks.
2024-07-11 23:29:06.901 [info] GlobalState: No changes found during synchronizing ui state.
2024-07-11 23:29:06.971 [info] Extensions: No changes found during synchronizing extensions.
2024-07-11 23:29:06.974 [info] Profiles: No changes found during synchronizing profiles.
2024-07-11 23:29:06.980 [info] Sync done. Took 300ms
2024-07-11 23:31:46.760 [info] Auto Sync: Triggered by Activity
2024-07-11 23:31:46.760 [info] Sync started.
2024-07-11 23:31:47.502 [info] Settings: No changes found during synchronizing settings.
2024-07-11 23:31:47.528 [info] Keybindings: No changes found during synchronizing keybindings.
2024-07-11 23:31:47.531 [info] Snippets: No changes found during synchronizing snippets.
2024-07-11 23:31:47.538 [info] Tasks: No changes found during synchronizing tasks.
2024-07-11 23:31:47.540 [info] GlobalState: No changes found during synchronizing ui state.
2024-07-11 23:31:47.610 [info] Extensions: No changes found during synchronizing extensions.
2024-07-11 23:31:47.611 [info] Profiles: No changes found during synchronizing profiles.
2024-07-11 23:31:47.613 [info] Sync done. Took 853ms
2024-07-11 23:31:58.759 [info] Auto Sync: Triggered by Activity
2024-07-11 23:31:58.759 [info] Sync started.
2024-07-11 23:31:58.943 [info] Settings: No changes found during synchronizing settings.
2024-07-11 23:31:58.946 [info] Keybindings: No changes found during synchronizing keybindings.
2024-07-11 23:31:58.950 [info] Snippets: No changes found during synchronizing snippets.
2024-07-11 23:31:58.952 [info] Tasks: No changes found during synchronizing tasks.
2024-07-11 23:31:58.955 [info] GlobalState: No changes found during synchronizing ui state.
2024-07-11 23:31:58.991 [info] Extensions: No changes found during synchronizing extensions.
2024-07-11 23:31:58.993 [info] Profiles: No changes found during synchronizing profiles.
2024-07-11 23:31:58.994 [info] Sync done. Took 235ms
2024-07-11 23:33:55.765 [info] Auto Sync: Triggered by Activity
2024-07-11 23:33:55.765 [info] Sync started.
2024-07-11 23:33:55.943 [info] Settings: No changes found during synchronizing settings.
2024-07-11 23:33:55.947 [info] Keybindings: No changes found during synchronizing keybindings.
2024-07-11 23:33:55.950 [info] Snippets: No changes found during synchronizing snippets.
2024-07-11 23:33:55.952 [info] Tasks: No changes found during synchronizing tasks.
2024-07-11 23:33:55.955 [info] GlobalState: No changes found during synchronizing ui state.
2024-07-11 23:33:55.982 [info] Extensions: No changes found during synchronizing extensions.
2024-07-11 23:33:55.984 [info] Profiles: No changes found during synchronizing profiles.
2024-07-11 23:33:55.985 [info] Sync done. Took 221ms
2024-07-11 23:35:56.578 [info] Auto Sync: Triggered by Activity
2024-07-11 23:35:56.578 [info] Sync started.
2024-07-11 23:35:56.756 [info] Settings: No changes found during synchronizing settings.
2024-07-11 23:35:56.766 [info] Keybindings: No changes found during synchronizing keybindings.
2024-07-11 23:35:56.769 [info] Snippets: No changes found during synchronizing snippets.
2024-07-11 23:35:56.772 [info] Tasks: No changes found during synchronizing tasks.
2024-07-11 23:35:56.778 [info] GlobalState: No changes found during synchronizing ui state.
2024-07-11 23:35:56.828 [info] Extensions: No changes found during synchronizing extensions.
2024-07-11 23:35:56.829 [info] Profiles: No changes found during synchronizing profiles.
2024-07-11 23:35:56.831 [info] Sync done. Took 252ms
2024-07-11 23:37:15.440 [info] Auto Sync: Triggered by Activity
2024-07-11 23:37:15.440 [info] Sync started.
2024-07-11 23:37:15.626 [info] Settings: No changes found during synchronizing settings.
2024-07-11 23:37:15.628 [info] Keybindings: No changes found during synchronizing keybindings.
2024-07-11 23:37:15.630 [info] Snippets: No changes found during synchronizing snippets.
2024-07-11 23:37:15.631 [info] Tasks: No changes found during synchronizing tasks.
2024-07-11 23:37:15.634 [info] GlobalState: No changes found during synchronizing ui state.
2024-07-11 23:37:15.691 [info] Extensions: No changes found during synchronizing extensions.
2024-07-11 23:37:15.694 [info] Profiles: No changes found during synchronizing profiles.
2024-07-11 23:37:15.695 [info] Sync done. Took 256ms
2024-07-11 23:38:55.790 [info] Auto Sync: Triggered by Activity
2024-07-11 23:38:55.790 [info] Sync started.
2024-07-11 23:38:55.983 [info] Settings: No changes found during synchronizing settings.
2024-07-11 23:38:55.989 [info] Keybindings: No changes found during synchronizing keybindings.
2024-07-11 23:38:55.993 [info] Snippets: No changes found during synchronizing snippets.
2024-07-11 23:38:56.001 [info] Tasks: No changes found during synchronizing tasks.
2024-07-11 23:38:56.003 [info] GlobalState: No changes found during synchronizing ui state.
2024-07-11 23:38:56.038 [info] Extensions: No changes found during synchronizing extensions.
2024-07-11 23:38:56.039 [info] Profiles: No changes found during synchronizing profiles.
2024-07-11 23:38:56.040 [info] Sync done. Took 253ms
2024-07-11 23:39:07.920 [info] Auto Sync: Triggered by Activity
2024-07-11 23:39:07.920 [info] Sync started.
2024-07-11 23:39:08.098 [info] Settings: No changes found during synchronizing settings.
2024-07-11 23:39:08.107 [info] Keybindings: No changes found during synchronizing keybindings.
2024-07-11 23:39:08.110 [info] Snippets: No changes found during synchronizing snippets.
2024-07-11 23:39:08.115 [info] Tasks: No changes found during synchronizing tasks.
2024-07-11 23:39:08.118 [info] GlobalState: No changes found during synchronizing ui state.
2024-07-11 23:39:08.174 [info] Extensions: No changes found during synchronizing extensions.
2024-07-11 23:39:08.182 [info] Profiles: No changes found during synchronizing profiles.
2024-07-11 23:39:08.183 [info] Sync done. Took 263ms
2024-07-11 23:39:32.839 [info] Auto Sync: Triggered by Activity
2024-07-11 23:39:32.839 [info] Sync started.
2024-07-11 23:39:33.014 [info] Settings: No changes found during synchronizing settings.
2024-07-11 23:39:33.018 [info] Keybindings: No changes found during synchronizing keybindings.
2024-07-11 23:39:33.022 [info] Snippets: No changes found during synchronizing snippets.
2024-07-11 23:39:33.025 [info] Tasks: No changes found during synchronizing tasks.
2024-07-11 23:39:33.029 [info] GlobalState: No changes found during synchronizing ui state.
2024-07-11 23:39:33.064 [info] Extensions: No changes found during synchronizing extensions.
2024-07-11 23:39:33.070 [info] Profiles: No changes found during synchronizing profiles.
2024-07-11 23:39:33.073 [info] Sync done. Took 235ms
2024-07-11 23:39:56.071 [info] Auto Sync: Triggered by Activity
2024-07-11 23:39:56.071 [info] Sync started.
2024-07-11 23:39:56.262 [info] Settings: No changes found during synchronizing settings.
2024-07-11 23:39:56.266 [info] Keybindings: No changes found during synchronizing keybindings.
2024-07-11 23:39:56.269 [info] Snippets: No changes found during synchronizing snippets.
2024-07-11 23:39:56.272 [info] Tasks: No changes found during synchronizing tasks.
2024-07-11 23:39:56.277 [info] GlobalState: No changes found during synchronizing ui state.
2024-07-11 23:39:56.310 [info] Extensions: No changes found during synchronizing extensions.
2024-07-11 23:39:56.311 [info] Profiles: No changes found during synchronizing profiles.
2024-07-11 23:39:56.312 [info] Sync done. Took 241ms
2024-07-11 23:40:36.412 [info] Auto Sync: Triggered by Activity
2024-07-11 23:40:36.412 [info] Sync started.
2024-07-11 23:40:36.614 [info] Settings: No changes found during synchronizing settings.
2024-07-11 23:40:36.629 [info] Keybindings: No changes found during synchronizing keybindings.
2024-07-11 23:40:36.632 [info] Snippets: No changes found during synchronizing snippets.
2024-07-11 23:40:36.635 [info] Tasks: No changes found during synchronizing tasks.
2024-07-11 23:40:36.638 [info] GlobalState: No changes found during synchronizing ui state.
2024-07-11 23:40:36.678 [info] Extensions: No changes found during synchronizing extensions.
2024-07-11 23:40:36.679 [info] Profiles: No changes found during synchronizing profiles.
2024-07-11 23:40:36.680 [info] Sync done. Took 269ms
2024-07-11 23:40:51.605 [info] Auto Sync: Triggered by Activity
2024-07-11 23:40:51.605 [info] Sync started.
2024-07-11 23:40:51.773 [info] Settings: No changes found during synchronizing settings.
2024-07-11 23:40:51.776 [info] Keybindings: No changes found during synchronizing keybindings.
2024-07-11 23:40:51.783 [info] Snippets: No changes found during synchronizing snippets.
2024-07-11 23:40:51.786 [info] Tasks: No changes found during synchronizing tasks.
2024-07-11 23:40:51.788 [info] GlobalState: No changes found during synchronizing ui state.
2024-07-11 23:40:51.830 [info] Extensions: No changes found during synchronizing extensions.
2024-07-11 23:40:51.832 [info] Profiles: No changes found during synchronizing profiles.
2024-07-11 23:40:51.833 [info] Sync done. Took 227ms
2024-07-11 23:42:03.030 [info] Auto Sync: Triggered by Activity
2024-07-11 23:42:03.030 [info] Sync started.
2024-07-11 23:42:03.223 [info] Settings: No changes found during synchronizing settings.
2024-07-11 23:42:03.226 [info] Keybindings: No changes found during synchronizing keybindings.
2024-07-11 23:42:03.229 [info] Snippets: No changes found during synchronizing snippets.
2024-07-11 23:42:03.236 [info] Tasks: No changes found during synchronizing tasks.
2024-07-11 23:42:03.238 [info] GlobalState: No changes found during synchronizing ui state.
2024-07-11 23:42:03.283 [info] Extensions: No changes found during synchronizing extensions.
2024-07-11 23:42:03.284 [info] Profiles: No changes found during synchronizing profiles.
2024-07-11 23:42:03.286 [info] Sync done. Took 257ms
