2024-07-14 01:13:53.027 [info] Using settings sync service https://vscode-sync.trafficmanager.net/
2024-07-14 01:13:53.027 [info] Auto Sync is enabled.
2024-07-14 01:13:53.027 [info] Auto Sync: Suspended until auth token is available.
2024-07-14 01:13:53.039 [info] Deleting non existing profile from backup /home/nicolas/.config/Code/User/sync/extensions
2024-07-14 01:13:53.039 [info] Deleting non existing profile from backup /home/nicolas/.config/Code/User/sync/globalState
2024-07-14 01:13:53.039 [info] Deleting non existing profile from backup /home/nicolas/.config/Code/User/sync/keybindings
2024-07-14 01:13:53.040 [info] Deleting non existing profile from backup /home/nicolas/.config/Code/User/sync/profiles
2024-07-14 01:13:53.041 [info] Deleting non existing profile from backup /home/nicolas/.config/Code/User/sync/settings
2024-07-14 01:13:53.041 [info] Deleting non existing profile from backup /home/nicolas/.config/Code/User/sync/snippets
2024-07-14 01:13:53.045 [info] Deleting non existing profile from backup /home/nicolas/.config/Code/User/sync/tasks
2024-07-14 01:13:54.187 [info] Auto Sync: Triggered by Interval
2024-07-14 01:13:54.188 [info] Sync started.
2024-07-14 01:13:55.068 [info] Settings: Last sync resource does not exist locally.
2024-07-14 01:13:55.297 [info] Settings: No changes found during synchronizing settings.
2024-07-14 01:13:55.322 [info] Keybindings: Last sync resource does not exist locally.
2024-07-14 01:13:55.506 [info] Keybindings: No changes found during synchronizing keybindings.
2024-07-14 01:13:55.508 [info] Snippets: Last sync resource does not exist locally.
2024-07-14 01:13:55.695 [info] Snippets: No changes found during synchronizing snippets.
2024-07-14 01:13:55.697 [info] Tasks: Last sync resource does not exist locally.
2024-07-14 01:13:55.864 [info] Tasks: No changes found during synchronizing tasks.
2024-07-14 01:13:55.865 [info] GlobalState: Last sync resource does not exist locally.
2024-07-14 01:13:56.206 [info] GlobalState: No changes found during synchronizing ui state.
2024-07-14 01:13:56.206 [info] Extensions: Last sync resource does not exist locally.
