2024-07-12 21:15:12.051 [info] Using settings sync service https://vscode-sync.trafficmanager.net/
2024-07-12 21:15:12.051 [info] Auto Sync is enabled.
2024-07-12 21:15:12.051 [info] Auto Sync: Suspended until auth token is available.
2024-07-12 21:15:12.268 [info] Deleting non existing profile from backup /home/nicolas/.config/Code/User/sync/extensions
2024-07-12 21:15:12.272 [info] Deleting non existing profile from backup /home/nicolas/.config/Code/User/sync/globalState
2024-07-12 21:15:12.275 [info] Deleting non existing profile from backup /home/nicolas/.config/Code/User/sync/keybindings
2024-07-12 21:15:12.280 [info] Deleting non existing profile from backup /home/nicolas/.config/Code/User/sync/profiles
2024-07-12 21:15:12.281 [info] Deleting non existing profile from backup /home/nicolas/.config/Code/User/sync/settings
2024-07-12 21:15:12.283 [info] Deleting non existing profile from backup /home/nicolas/.config/Code/User/sync/snippets
2024-07-12 21:15:12.285 [info] Deleting non existing profile from backup /home/nicolas/.config/Code/User/sync/tasks
2024-07-12 21:15:14.018 [info] Auto Sync: Triggered by Interval
2024-07-12 21:15:14.018 [info] Sync started.
2024-07-12 21:15:15.044 [info] Settings: Last sync resource does not exist locally.
2024-07-12 21:15:15.600 [info] Settings: Updated local settings
2024-07-12 21:15:15.609 [info] Settings: Updated last synchronized settings
2024-07-12 21:15:15.618 [info] Keybindings: Last sync resource does not exist locally.
2024-07-12 21:15:15.815 [info] Keybindings: No changes found during synchronizing keybindings.
2024-07-12 21:15:15.817 [info] Snippets: Last sync resource does not exist locally.
2024-07-12 21:15:15.996 [info] Snippets: No changes found during synchronizing snippets.
2024-07-12 21:15:15.997 [info] Tasks: Last sync resource does not exist locally.
2024-07-12 21:15:16.180 [info] Tasks: No changes found during synchronizing tasks.
2024-07-12 21:15:16.182 [info] GlobalState: Last sync resource does not exist locally.
2024-07-12 21:15:16.725 [info] GlobalState: Updated global state ["workbench.editor.editorActionsLocation"]
2024-07-12 21:15:16.725 [info] GlobalState: Updated local ui state
2024-07-12 21:15:16.729 [info] GlobalState: Updated last synchronized ui state
2024-07-12 21:15:16.731 [info] Extensions: Last sync resource does not exist locally.
2024-07-12 21:15:17.533 [info] Extensions: Updated last synchronized extensions.
2024-07-12 21:15:17.536 [info] Profiles: Last sync resource does not exist locally.
2024-07-12 21:15:17.730 [info] Profiles: No changes found during synchronizing profiles.
2024-07-12 21:15:17.732 [info] Sync done. Took 3714ms
2024-07-12 21:15:18.274 [info] Auto Sync: Triggered by Activity
2024-07-12 21:15:18.274 [info] Sync started.
2024-07-12 21:15:18.697 [info] Settings: Updated remote settings
2024-07-12 21:15:18.708 [info] Settings: Updated last synchronized settings
2024-07-12 21:15:18.711 [info] Keybindings: No changes found during synchronizing keybindings.
2024-07-12 21:15:18.714 [info] Snippets: No changes found during synchronizing snippets.
2024-07-12 21:15:18.716 [info] Tasks: No changes found during synchronizing tasks.
2024-07-12 21:15:18.719 [info] GlobalState: No changes found during synchronizing ui state.
2024-07-12 21:15:19.157 [info] Extensions: Updated remote extensions. Updated: ["kamikillerto.vscode-colorize"].
2024-07-12 21:15:19.169 [info] Extensions: Updated last synchronized extensions.
2024-07-12 21:15:19.173 [info] Profiles: No changes found during synchronizing profiles.
2024-07-12 21:15:19.177 [info] Sync done. Took 903ms
2024-07-12 21:20:19.177 [info] Auto Sync: Triggered by Interval
2024-07-12 21:20:19.178 [info] Sync started.
2024-07-12 21:20:19.897 [info] Settings: No changes found during synchronizing settings.
2024-07-12 21:20:19.900 [info] Keybindings: No changes found during synchronizing keybindings.
2024-07-12 21:20:19.903 [info] Snippets: No changes found during synchronizing snippets.
2024-07-12 21:20:19.907 [info] Tasks: No changes found during synchronizing tasks.
2024-07-12 21:20:19.911 [info] GlobalState: No changes found during synchronizing ui state.
2024-07-12 21:20:19.948 [info] Extensions: No changes found during synchronizing extensions.
2024-07-12 21:20:19.950 [info] Profiles: No changes found during synchronizing profiles.
2024-07-12 21:20:19.953 [info] Sync done. Took 775ms
2024-07-12 21:25:19.957 [info] Auto Sync: Triggered by Interval
2024-07-12 21:25:19.958 [info] Sync started.
2024-07-12 21:25:20.657 [info] Settings: No changes found during synchronizing settings.
2024-07-12 21:25:20.668 [info] Keybindings: No changes found during synchronizing keybindings.
2024-07-12 21:25:20.671 [info] Snippets: No changes found during synchronizing snippets.
2024-07-12 21:25:20.674 [info] Tasks: No changes found during synchronizing tasks.
2024-07-12 21:25:20.678 [info] GlobalState: No changes found during synchronizing ui state.
2024-07-12 21:25:20.719 [info] Extensions: No changes found during synchronizing extensions.
2024-07-12 21:25:20.722 [info] Profiles: No changes found during synchronizing profiles.
2024-07-12 21:25:20.724 [info] Sync done. Took 766ms
2024-07-12 21:30:20.729 [info] Auto Sync: Triggered by Interval
2024-07-12 21:30:20.729 [info] Sync started.
2024-07-12 21:30:21.425 [info] Settings: No changes found during synchronizing settings.
2024-07-12 21:30:21.456 [info] Keybindings: No changes found during synchronizing keybindings.
2024-07-12 21:30:21.462 [info] Snippets: No changes found during synchronizing snippets.
2024-07-12 21:30:21.466 [info] Tasks: No changes found during synchronizing tasks.
2024-07-12 21:30:21.471 [info] GlobalState: No changes found during synchronizing ui state.
2024-07-12 21:30:21.535 [info] Extensions: No changes found during synchronizing extensions.
2024-07-12 21:30:21.538 [info] Profiles: No changes found during synchronizing profiles.
2024-07-12 21:30:21.540 [info] Sync done. Took 810ms
2024-07-12 21:35:21.547 [info] Auto Sync: Triggered by Interval
2024-07-12 21:35:21.547 [info] Sync started.
2024-07-12 21:35:22.342 [info] Settings: No changes found during synchronizing settings.
2024-07-12 21:35:22.353 [info] Keybindings: No changes found during synchronizing keybindings.
2024-07-12 21:35:22.358 [info] Snippets: No changes found during synchronizing snippets.
2024-07-12 21:35:22.360 [info] Tasks: No changes found during synchronizing tasks.
2024-07-12 21:35:22.363 [info] GlobalState: No changes found during synchronizing ui state.
2024-07-12 21:35:22.409 [info] Extensions: No changes found during synchronizing extensions.
2024-07-12 21:35:22.410 [info] Profiles: No changes found during synchronizing profiles.
2024-07-12 21:35:22.412 [info] Sync done. Took 865ms
2024-07-12 21:40:22.417 [info] Auto Sync: Triggered by Interval
2024-07-12 21:40:22.418 [info] Sync started.
2024-07-12 21:40:23.148 [info] Settings: No changes found during synchronizing settings.
2024-07-12 21:40:23.151 [info] Keybindings: No changes found during synchronizing keybindings.
2024-07-12 21:40:23.153 [info] Snippets: No changes found during synchronizing snippets.
2024-07-12 21:40:23.156 [info] Tasks: No changes found during synchronizing tasks.
2024-07-12 21:40:23.160 [info] GlobalState: No changes found during synchronizing ui state.
2024-07-12 21:40:23.220 [info] Extensions: No changes found during synchronizing extensions.
2024-07-12 21:40:23.223 [info] Profiles: No changes found during synchronizing profiles.
2024-07-12 21:40:23.226 [info] Sync done. Took 809ms
2024-07-12 21:45:23.233 [info] Auto Sync: Triggered by Interval
2024-07-12 21:45:23.233 [info] Sync started.
2024-07-12 21:45:23.976 [info] Settings: No changes found during synchronizing settings.
2024-07-12 21:45:23.980 [info] Keybindings: No changes found during synchronizing keybindings.
2024-07-12 21:45:23.987 [info] Snippets: No changes found during synchronizing snippets.
2024-07-12 21:45:23.990 [info] Tasks: No changes found during synchronizing tasks.
2024-07-12 21:45:23.992 [info] GlobalState: No changes found during synchronizing ui state.
2024-07-12 21:45:24.030 [info] Extensions: No changes found during synchronizing extensions.
2024-07-12 21:45:24.036 [info] Profiles: No changes found during synchronizing profiles.
2024-07-12 21:45:24.038 [info] Sync done. Took 805ms
2024-07-12 21:49:12.504 [info] Auto Sync: Triggered by Activity
2024-07-12 21:49:12.504 [info] Sync started.
2024-07-12 21:49:13.203 [info] Settings: No changes found during synchronizing settings.
2024-07-12 21:49:13.214 [info] Keybindings: No changes found during synchronizing keybindings.
2024-07-12 21:49:13.221 [info] Snippets: No changes found during synchronizing snippets.
2024-07-12 21:49:13.225 [info] Tasks: No changes found during synchronizing tasks.
2024-07-12 21:49:13.231 [info] GlobalState: No changes found during synchronizing ui state.
2024-07-12 21:49:13.279 [info] Extensions: No changes found during synchronizing extensions.
2024-07-12 21:49:13.285 [info] Profiles: No changes found during synchronizing profiles.
2024-07-12 21:49:13.286 [info] Sync done. Took 782ms
