2024-07-14 01:17:03.573 [info] Added views:workbench.panel.markers.view in workbench.panel.markers
2024-07-14 01:17:03.573 [info] Added views:workbench.panel.output in workbench.panel.output
2024-07-14 01:17:03.573 [info] Added views:terminal in terminal
2024-07-14 01:17:03.573 [info] Added views:workbench.scm in workbench.view.scm
2024-07-14 01:17:03.573 [info] Added views:workbench.view.search in workbench.view.search
2024-07-14 01:17:03.573 [info] Added views:timeline in workbench.view.explorer
2024-07-14 01:17:03.573 [info] Added views:workbench.explorer.openEditorsView,workbench.explorer.emptyView in workbench.view.explorer
2024-07-14 01:17:03.864 [info] Added views:workbench.debug.welcome in workbench.view.debug
2024-07-14 01:17:04.537 [info] Added views:workbench.panel.repl.view in workbench.panel.repl
2024-07-14 01:17:05.006 [info] Added views:~remote.forwardedPorts in ~remote.forwardedPortsContainer
2024-07-14 01:17:16.256 [info] Added views:workbench.panel.markers.view in workbench.panel.markers
2024-07-14 01:17:16.256 [info] Added views:workbench.panel.output in workbench.panel.output
2024-07-14 01:17:16.256 [info] Added views:terminal in terminal
2024-07-14 01:17:16.256 [info] Added views:workbench.scm in workbench.view.scm
2024-07-14 01:17:16.256 [info] Added views:workbench.view.search in workbench.view.search
2024-07-14 01:17:16.256 [info] Added views:timeline in workbench.view.explorer
2024-07-14 01:17:16.256 [info] Added views:workbench.explorer.openEditorsView,workbench.explorer.fileView in workbench.view.explorer
2024-07-14 01:17:17.033 [info] Added views:workbench.debug.welcome in workbench.view.debug
2024-07-14 01:17:17.132 [info] Added views:workbench.panel.repl.view in workbench.panel.repl
2024-07-14 01:17:17.465 [info] Added views:~remote.forwardedPorts in ~remote.forwardedPortsContainer
