2024-07-09T19:11:25.760Z 0: 

----------------------------------------------
2024-07-09T19:11:25.781Z 1: Discord starting: {"releaseChannel":"stable","version":"0.0.59"}, modulepath: /home/nicolas/.config/discord/0.0.59/modules
2024-07-09T19:11:25.789Z 2: ✅ webContents.created web1 "index.html"
2024-07-09T19:11:25.793Z 3: ✅ window.created win1 "discord"
2024-07-09T19:11:25.940Z 4: ✅ webContents.did-finish-load web1
2024-07-09T19:11:31.279Z 5: ✅ webContents.created web2 ""
2024-07-09T19:11:31.307Z 6: ✅ window.created win2 "Discord"
2024-07-09T19:11:33.071Z 7: ✅ webContents.did-finish-load web2
2024-07-09T19:11:33.177Z 8: window.close win1
2024-07-09T19:11:33.223Z 9: webContents.destroyed web1
2024-07-09T19:11:33.230Z 10: window.closed win1
2024-07-09T19:11:46.883Z 11: window.close win2
2024-07-09T19:19:31.733Z 12: before-quit
2024-07-11T03:20:38.224Z 0: 

----------------------------------------------
2024-07-11T03:20:38.249Z 1: Discord starting: {"releaseChannel":"stable","version":"0.0.59"}, modulepath: /home/nicolas/.config/discord/0.0.59/modules
2024-07-11T03:20:38.272Z 2: ✅ webContents.created web1 ""
2024-07-11T03:20:38.276Z 3: ✅ window.created win1 "discord"
2024-07-11T03:20:38.508Z 4: ✅ webContents.did-finish-load web1
2024-07-11T03:20:38.964Z 5: ✅ webContents.created web2 ""
2024-07-11T03:20:38.990Z 6: ✅ window.created win2 "Discord"
2024-07-11T03:20:41.622Z 7: ✅ webContents.did-finish-load web2
2024-07-11T03:20:41.713Z 8: window.close win1
2024-07-11T03:20:41.731Z 9: webContents.destroyed web1
2024-07-11T03:20:41.732Z 10: window.closed win1
2024-07-11T12:39:38.108Z 11: ❌ child-process-gone {
  type: 'GPU',
  reason: 'abnormal-exit',
  exitCode: 512,
  serviceName: 'GPU'
}
2024-07-11T20:21:03.222Z 12: before-quit
2024-07-11T20:21:03.230Z 13: window.close win2
2024-07-11T20:21:03.267Z 14: webContents.destroyed web2
2024-07-11T20:51:02.824Z 0: 

----------------------------------------------
2024-07-11T20:51:02.857Z 1: Discord starting: {"releaseChannel":"stable","version":"0.0.59"}, modulepath: /home/nicolas/.config/discord/0.0.59/modules
2024-07-11T20:51:02.882Z 2: ✅ webContents.created web1 "index.html"
2024-07-11T20:51:02.884Z 3: ✅ window.created win1 "discord"
2024-07-11T20:51:03.084Z 4: ✅ webContents.did-finish-load web1
2024-07-11T20:51:03.495Z 5: ✅ webContents.created web2 ""
2024-07-11T20:51:03.518Z 6: ✅ window.created win2 "Discord"
2024-07-11T20:51:07.042Z 7: ✅ webContents.did-finish-load web2
2024-07-11T20:51:07.132Z 8: window.close win1
2024-07-11T20:51:07.173Z 9: webContents.destroyed web1
2024-07-11T20:51:07.175Z 10: window.closed win1
2024-07-11T20:51:19.497Z 11: window.close win2
2024-07-11T20:54:15.666Z 12: before-quit
2024-07-11T20:54:15.685Z 13: window.close win2
2024-07-11T20:54:15.713Z 14: webContents.destroyed web2
2024-07-12T03:55:59.362Z 0: 

----------------------------------------------
2024-07-12T03:55:59.393Z 1: Discord starting: {"releaseChannel":"stable","version":"0.0.59"}, modulepath: /home/nicolas/.config/discord/0.0.59/modules
2024-07-12T03:55:59.436Z 2: ✅ webContents.created web1 ""
2024-07-12T03:55:59.441Z 3: ✅ window.created win1 "discord"
2024-07-12T03:55:59.885Z 4: ✅ webContents.did-finish-load web1
2024-07-12T03:56:00.371Z 5: ✅ webContents.created web2 ""
2024-07-12T03:56:00.430Z 6: ✅ window.created win2 "Discord"
2024-07-12T03:56:03.475Z 7: ✅ webContents.did-finish-load web2
2024-07-12T03:56:03.575Z 8: window.close win1
2024-07-12T03:56:03.610Z 9: webContents.destroyed web1
2024-07-12T03:56:03.612Z 10: window.closed win1
2024-07-12T12:11:44.008Z 11: ❌ child-process-gone {
  type: 'GPU',
  reason: 'abnormal-exit',
  exitCode: 512,
  serviceName: 'GPU'
}
2024-07-12T14:51:31.333Z 12: before-quit
2024-07-12T14:51:31.347Z 13: window.close win2
2024-07-12T14:51:31.414Z 14: webContents.destroyed web2
2024-07-12T15:27:05.719Z 0: 

----------------------------------------------
2024-07-12T15:27:05.739Z 1: Discord starting: {"releaseChannel":"stable","version":"0.0.59"}, modulepath: /home/nicolas/.config/discord/0.0.59/modules
2024-07-12T15:27:05.759Z 2: ✅ webContents.created web1 "index.html"
2024-07-12T15:27:05.762Z 3: ✅ window.created win1 "discord"
2024-07-12T15:27:06.020Z 4: ✅ webContents.did-finish-load web1
2024-07-12T15:27:06.481Z 5: ✅ webContents.created web2 ""
2024-07-12T15:27:06.570Z 6: ✅ window.created win2 "Discord"
2024-07-12T15:27:09.644Z 7: ✅ webContents.did-finish-load web2
2024-07-12T15:27:09.743Z 8: window.close win1
2024-07-12T15:27:09.796Z 9: webContents.destroyed web1
2024-07-12T15:27:09.802Z 10: window.closed win1
2024-07-12T16:04:11.022Z 11: before-quit
2024-07-12T16:04:11.026Z 12: window.close win2
2024-07-12T16:04:11.100Z 13: webContents.destroyed web2
2024-07-12T16:04:11.135Z 14: window.closed win2
2024-07-12T16:51:02.719Z 0: 

----------------------------------------------
2024-07-12T16:51:02.738Z 1: Discord starting: {"releaseChannel":"stable","version":"0.0.59"}, modulepath: /home/nicolas/.config/discord/0.0.59/modules
2024-07-12T16:51:02.760Z 2: ✅ webContents.created web1 "index.html"
2024-07-12T16:51:02.762Z 3: ✅ window.created win1 "discord"
2024-07-12T16:51:03.040Z 4: ✅ webContents.did-finish-load web1
2024-07-12T16:51:03.401Z 5: ✅ webContents.created web2 ""
2024-07-12T16:51:03.469Z 6: ✅ window.created win2 "Discord"
2024-07-12T16:51:06.453Z 7: ✅ webContents.did-finish-load web2
2024-07-12T16:51:06.556Z 8: window.close win1
2024-07-12T16:51:06.595Z 9: webContents.destroyed web1
2024-07-12T16:51:06.597Z 10: window.closed win1
2024-07-12T18:50:14.353Z 11: before-quit
2024-07-12T18:50:14.366Z 12: window.close win2
2024-07-12T18:50:14.445Z 13: webContents.destroyed web2
2024-07-12T19:01:27.759Z 0: 

----------------------------------------------
2024-07-12T19:01:27.780Z 1: Discord starting: {"releaseChannel":"stable","version":"0.0.59"}, modulepath: /home/nicolas/.config/discord/0.0.59/modules
2024-07-12T19:01:27.803Z 2: ✅ webContents.created web1 "index.html"
2024-07-12T19:01:27.805Z 3: ✅ window.created win1 "discord"
2024-07-12T19:01:28.078Z 4: ✅ webContents.did-finish-load web1
2024-07-12T19:01:28.491Z 5: ✅ webContents.created web2 ""
2024-07-12T19:01:28.532Z 6: ✅ window.created win2 "Discord"
2024-07-12T19:01:32.546Z 7: ✅ webContents.did-finish-load web2
2024-07-12T19:01:32.631Z 8: window.close win1
2024-07-12T19:01:32.643Z 9: webContents.destroyed web1
2024-07-12T19:01:32.645Z 10: window.closed win1
2024-07-12T19:10:40.535Z 11: before-quit
2024-07-12T19:10:40.557Z 12: window.close win2
2024-07-12T19:10:40.596Z 13: webContents.destroyed web2
2024-07-12T19:50:08.942Z 0: 

----------------------------------------------
2024-07-12T19:50:08.959Z 1: Discord starting: {"releaseChannel":"stable","version":"0.0.59"}, modulepath: /home/nicolas/.config/discord/0.0.59/modules
2024-07-12T19:50:08.983Z 2: ✅ webContents.created web1 ""
2024-07-12T19:50:08.986Z 3: ✅ window.created win1 "discord"
2024-07-12T19:50:09.391Z 4: ✅ webContents.did-finish-load web1
2024-07-12T19:50:09.877Z 5: ✅ webContents.created web2 ""
2024-07-12T19:50:09.908Z 6: ✅ window.created win2 "Discord"
2024-07-12T19:50:15.199Z 7: ✅ webContents.did-finish-load web2
2024-07-12T19:50:15.287Z 8: window.close win1
2024-07-12T19:50:15.322Z 9: webContents.destroyed web1
2024-07-12T19:50:15.326Z 10: window.closed win1
