2024-07-24 14:45:21.673 [info] Using settings sync service https://vscode-sync.trafficmanager.net/
2024-07-24 14:45:21.673 [info] Auto Sync is enabled.
2024-07-24 14:45:21.673 [info] Auto Sync: Suspended until auth token is available.
2024-07-24 14:45:21.820 [info] Deleting non existing profile from backup /home/nicolas/.config/Code/User/sync/extensions
2024-07-24 14:45:21.824 [info] Deleting non existing profile from backup /home/nicolas/.config/Code/User/sync/globalState
2024-07-24 14:45:21.838 [info] Deleting non existing profile from backup /home/nicolas/.config/Code/User/sync/keybindings
2024-07-24 14:45:21.849 [info] Deleting non existing profile from backup /home/nicolas/.config/Code/User/sync/profiles
2024-07-24 14:45:21.858 [info] Deleting non existing profile from backup /home/nicolas/.config/Code/User/sync/settings
2024-07-24 14:45:21.888 [info] Deleting non existing profile from backup /home/nicolas/.config/Code/User/sync/snippets
2024-07-24 14:45:21.926 [info] Deleting non existing profile from backup /home/nicolas/.config/Code/User/sync/tasks
2024-07-24 14:45:23.495 [info] Auto Sync: Triggered by Interval
2024-07-24 14:45:23.495 [info] Sync started.
2024-07-24 14:45:24.480 [info] Settings: Last sync resource does not exist locally.
2024-07-24 14:45:24.689 [info] Settings: No changes found during synchronizing settings.
2024-07-24 14:45:24.691 [info] Keybindings: Last sync resource does not exist locally.
2024-07-24 14:45:24.887 [info] Keybindings: No changes found during synchronizing keybindings.
2024-07-24 14:45:24.891 [info] Snippets: Last sync resource does not exist locally.
2024-07-24 14:45:25.078 [info] Snippets: No changes found during synchronizing snippets.
2024-07-24 14:45:25.080 [info] Tasks: Last sync resource does not exist locally.
2024-07-24 14:45:25.252 [info] Tasks: No changes found during synchronizing tasks.
2024-07-24 14:45:25.253 [info] GlobalState: Last sync resource does not exist locally.
2024-07-24 14:45:25.784 [info] GlobalState: Updated global state ["colorThemeData"]
2024-07-24 14:45:25.785 [info] GlobalState: Updated local ui state
2024-07-24 14:45:26.186 [info] GlobalState: Updated remote ui state. Updated: cpp.1.lastSessionDate,cpp.1.sessionCount,java.2.lastSessionDate,java.2.sessionCount,javascript.1.lastSessionDate,javascript.1.sessionCount,typescript.1.lastSessionDate,typescript.1.sessionCount,csharp.1.lastSessionDate,csharp.1.sessionCount.
2024-07-24 14:45:26.196 [info] GlobalState: Updated last synchronized ui state
2024-07-24 14:45:26.197 [info] Extensions: Last sync resource does not exist locally.
2024-07-24 14:45:26.421 [info] Extensions: No changes found during synchronizing extensions.
2024-07-24 14:45:26.422 [info] Profiles: Last sync resource does not exist locally.
2024-07-24 14:45:26.632 [info] Profiles: No changes found during synchronizing profiles.
2024-07-24 14:45:26.634 [info] Sync done. Took 3138ms
2024-07-24 14:45:28.038 [info] Auto Sync: Triggered by Activity
2024-07-24 14:45:28.039 [info] Sync started.
2024-07-24 14:45:28.215 [info] Settings: No changes found during synchronizing settings.
2024-07-24 14:45:28.218 [info] Keybindings: No changes found during synchronizing keybindings.
2024-07-24 14:45:28.221 [info] Snippets: No changes found during synchronizing snippets.
2024-07-24 14:45:28.226 [info] Tasks: No changes found during synchronizing tasks.
2024-07-24 14:45:28.230 [info] GlobalState: No changes found during synchronizing ui state.
2024-07-24 14:45:28.257 [info] Extensions: No changes found during synchronizing extensions.
2024-07-24 14:45:28.260 [info] Profiles: No changes found during synchronizing profiles.
2024-07-24 14:45:28.263 [info] Sync done. Took 224ms
2024-07-24 14:45:45.070 [info] Auto Sync: Triggered by Activity
2024-07-24 14:45:45.070 [info] Sync started.
2024-07-24 14:45:45.278 [info] Settings: No changes found during synchronizing settings.
2024-07-24 14:45:45.282 [info] Keybindings: No changes found during synchronizing keybindings.
2024-07-24 14:45:45.286 [info] Snippets: No changes found during synchronizing snippets.
2024-07-24 14:45:45.289 [info] Tasks: No changes found during synchronizing tasks.
2024-07-24 14:45:45.292 [info] GlobalState: No changes found during synchronizing ui state.
2024-07-24 14:45:45.331 [info] Extensions: No changes found during synchronizing extensions.
2024-07-24 14:45:45.334 [info] Profiles: No changes found during synchronizing profiles.
2024-07-24 14:45:45.335 [info] Sync done. Took 266ms
