2024-07-14 01:17:04.776 [info] Log level: Info
2024-07-14 01:17:04.776 [info] Validating found git in: "git"
2024-07-14 01:17:04.776 [info] Using git "2.39.2" from "git"
2024-07-14 01:17:17.569 [info] Log level: Info
2024-07-14 01:17:17.569 [info] Validating found git in: "git"
2024-07-14 01:17:17.569 [info] Using git "2.39.2" from "git"
2024-07-14 01:17:17.569 [info] > git rev-parse --show-toplevel [19ms]
2024-07-14 01:17:17.611 [info] > git rev-parse --git-dir --git-common-dir [38ms]
2024-07-14 01:17:17.641 [info] Open repository: /media/nicolas/Almacen/00-MiCodigo/01-ReposGithub/i3
2024-07-14 01:17:17.727 [info] > git config --get commit.template [49ms]
2024-07-14 01:17:17.727 [info] > git rev-parse --show-toplevel [37ms]
2024-07-14 01:17:17.736 [info] > git for-each-ref --format %(refname) %(objectname) %(*objectname) refs/tags [20ms]
2024-07-14 01:17:17.754 [info] > git rev-parse --show-toplevel [18ms]
2024-07-14 01:17:17.797 [info] > git status -z -uall [50ms]
2024-07-14 01:17:17.813 [info] > git config --get commit.template [1ms]
2024-07-14 01:17:17.827 [info] > git for-each-ref --format %(refname) %(objectname) %(*objectname) refs/tags [4ms]
2024-07-14 01:17:17.896 [info] > git status -z -uall [63ms]
2024-07-14 01:17:18.234 [info] > git check-ignore -v -z --stdin [10ms]
2024-07-14 01:17:18.501 [info] > git fetch [861ms]
2024-07-14 01:17:18.514 [info] > git config --get commit.template [4ms]
2024-07-14 01:17:18.517 [info] > git for-each-ref --format %(refname) %(objectname) %(*objectname) refs/tags [3ms]
2024-07-14 01:17:18.528 [info] > git status -z -uall [7ms]
2024-07-14 01:17:19.579 [info] > git config --get commit.template [5ms]
2024-07-14 01:17:19.582 [info] > git for-each-ref --format %(refname) %(objectname) %(*objectname) refs/tags [3ms]
2024-07-14 01:17:19.593 [info] > git status -z -uall [8ms]
2024-07-14 01:17:20.968 [info] > git check-ignore -v -z --stdin [2ms]
2024-07-14 01:17:23.965 [info] > git show --textconv :UserScripts/Mantenimiento.sh [36ms]
2024-07-14 01:17:23.970 [info] > git ls-files --stage -- /media/nicolas/Almacen/00-MiCodigo/01-ReposGithub/i3/UserScripts/Mantenimiento.sh [14ms]
2024-07-14 01:17:23.991 [info] > git cat-file -s 4ebb217d360b1818406a214ff1619eb5bb9edab7 [9ms]
2024-07-14 01:25:51.969 [info] > git fetch [682ms]
2024-07-14 01:25:51.981 [info] > git config --get commit.template [6ms]
2024-07-14 01:25:51.981 [info] > git for-each-ref --format %(refname) %(objectname) %(*objectname) refs/tags [3ms]
2024-07-14 01:25:51.996 [info] > git status -z -uall [9ms]
2024-07-14 01:25:53.058 [info] > git config --get commit.template [7ms]
2024-07-14 01:25:53.059 [info] > git for-each-ref --format %(refname) %(objectname) %(*objectname) refs/tags [2ms]
2024-07-14 01:25:53.074 [info] > git status -z -uall [11ms]
2024-07-14 01:25:53.148 [info] > git ls-files --stage -- /media/nicolas/Almacen/00-MiCodigo/01-ReposGithub/i3/UserScripts/Mantenimiento.sh [2ms]
2024-07-14 01:25:53.155 [info] > git cat-file -s 4ebb217d360b1818406a214ff1619eb5bb9edab7 [3ms]
2024-07-14 01:25:53.164 [info] > git show --textconv :UserScripts/Mantenimiento.sh [4ms]
