2024-07-11 23:20:42.225 [info] Reading sessions from keychain...
2024-07-11 23:20:42.226 [info] Getting sessions for all scopes...
2024-07-11 23:20:42.226 [info] Getting sessions for all scopes...
2024-07-11 23:20:42.227 [info] Getting sessions for user:email...
2024-07-11 23:20:42.234 [info] Got stored sessions!
2024-07-11 23:20:42.234 [info] Got 2 verified sessions.
2024-07-11 23:20:42.234 [info] Got 2 sessions for ...
2024-07-11 23:20:42.234 [info] Got 2 sessions for ...
2024-07-11 23:20:42.234 [info] Got 1 sessions for user:email...
2024-07-11 23:31:58.819 [info] Reading sessions from keychain...
2024-07-11 23:31:58.819 [info] Getting sessions for all scopes...
2024-07-11 23:31:58.819 [info] Getting sessions for all scopes...
2024-07-11 23:31:58.819 [info] Getting sessions for user:email...
2024-07-11 23:31:58.825 [info] Got stored sessions!
2024-07-11 23:31:58.825 [info] Got 2 verified sessions.
2024-07-11 23:31:58.825 [info] Got 2 sessions for ...
2024-07-11 23:31:58.825 [info] Got 2 sessions for ...
2024-07-11 23:31:58.825 [info] Got 1 sessions for user:email...
2024-07-11 23:31:58.826 [info] Getting sessions for read:user,repo,user:email,workflow...
2024-07-11 23:31:58.826 [info] Got 1 sessions for read:user,repo,user:email,workflow...
2024-07-11 23:31:59.402 [info] Getting sessions for read:user,repo,user:email,workflow...
2024-07-11 23:31:59.402 [info] Got 1 sessions for read:user,repo,user:email,workflow...
